This file contains any messages produced by compilers while
running configure, to aid debugging if configure makes a mistake.

It was created by configure, which was
generated by GNU Autoconf 2.69.  Invocation command line was

  $ ./configure 

## --------- ##
## Platform. ##
## --------- ##

hostname = devuan
uname -m = x86_64
uname -r = 4.17.3-gnu
uname -s = Linux
uname -v = #1 SMP Tue Jun 26 01:01:15 UTC 2018

/usr/bin/uname -p = unknown
/bin/uname -X     = unknown

/bin/arch              = unknown
/usr/bin/arch -k       = unknown
/usr/convex/getsysinfo = unknown
/usr/bin/hostinfo      = unknown
/bin/machine           = unknown
/usr/bin/oslevel       = unknown
/bin/universe          = unknown

PATH: /opt/rs97-toolchain/bin
PATH: /home/anonymous/.local/share/lutris/runners/wine/wine-pba-firerat-3.11-x86_64/bin/
PATH: /home/anonymous/Documents/Dev/VBCC/bin
PATH: /home/anonymous/Documents/Dev/pebble-sdk-4.5-linux64/bin
PATH: /home/anonymous/Documents/Dev/d_m_l-agtools-56ca342284db/bin
PATH: /home/anonymous/Documents/Dev/djgpp/bin
PATH: /usr/local/bin
PATH: /usr/bin
PATH: /bin
PATH: /usr/local/games
PATH: /usr/games
PATH: /opt/toolchains/dc/sh-elf/bin
PATH: /opt/toolchains/dc/bin
PATH: /opt/toolchains/kos/utils/gnu_wrappers


## ----------- ##
## Core tests. ##
## ----------- ##

configure:2188: checking build system type
configure:2202: result: x86_64-unknown-linux-gnu
configure:2222: checking host system type
configure:2235: result: x86_64-unknown-linux-gnu
configure:2255: checking target system type
configure:2268: result: x86_64-unknown-linux-gnu
configure:2343: checking for gcc
configure:2370: result: mispsel-linux-gcc
configure:2599: checking for C compiler version
configure:2608: mispsel-linux-gcc --version >&5
./configure: line 2610: mispsel-linux-gcc: command not found
configure:2619: $? = 127
configure:2608: mispsel-linux-gcc -v >&5
./configure: line 2610: mispsel-linux-gcc: command not found
configure:2619: $? = 127
configure:2608: mispsel-linux-gcc -V >&5
./configure: line 2610: mispsel-linux-gcc: command not found
configure:2619: $? = 127
configure:2608: mispsel-linux-gcc -qversion >&5
./configure: line 2610: mispsel-linux-gcc: command not found
configure:2619: $? = 127
configure:2639: checking whether the C compiler works
configure:2661: mispsel-linux-gcc    conftest.c  >&5
./configure: line 2663: mispsel-linux-gcc: command not found
configure:2665: $? = 127
configure:2703: result: no
configure: failed program was:
| /* confdefs.h */
| #define PACKAGE_NAME ""
| #define PACKAGE_TARNAME ""
| #define PACKAGE_VERSION ""
| #define PACKAGE_STRING ""
| #define PACKAGE_BUGREPORT ""
| #define PACKAGE_URL ""
| /* end confdefs.h.  */
| 
| int
| main ()
| {
| 
|   ;
|   return 0;
| }
configure:2708: error: in `/home/anonymous/Documents/Dev/master.zip.1-copy2/gh_retrogame_emulator-master/bard':
configure:2710: error: C compiler cannot create executables
See `config.log' for more details

## ---------------- ##
## Cache variables. ##
## ---------------- ##

ac_cv_build=x86_64-unknown-linux-gnu
ac_cv_env_CC_set=set
ac_cv_env_CC_value=mispsel-linux-gcc
ac_cv_env_CFLAGS_set=
ac_cv_env_CFLAGS_value=
ac_cv_env_CPPFLAGS_set=
ac_cv_env_CPPFLAGS_value=
ac_cv_env_CPP_set=
ac_cv_env_CPP_value=
ac_cv_env_LDFLAGS_set=
ac_cv_env_LDFLAGS_value=
ac_cv_env_LIBS_set=
ac_cv_env_LIBS_value=
ac_cv_env_build_alias_set=
ac_cv_env_build_alias_value=
ac_cv_env_host_alias_set=
ac_cv_env_host_alias_value=
ac_cv_env_target_alias_set=
ac_cv_env_target_alias_value=
ac_cv_host=x86_64-unknown-linux-gnu
ac_cv_prog_ac_ct_CC=mispsel-linux-gcc
ac_cv_target=x86_64-unknown-linux-gnu

## ----------------- ##
## Output variables. ##
## ----------------- ##

AR=''
AUDIODEFS=''
AUDIODRIVER=''
AUDIOLIBS=''
CC='mispsel-linux-gcc'
CFLAGS=''
CPP=''
CPPFLAGS=''
DEFAULTFONT=''
DEFS=''
DLLTOOL=''
DLLWRAP=''
ECHO_C=''
ECHO_N='-n'
ECHO_T=''
EGREP=''
EPUBDEFS=''
EPUBLIBS=''
EXEEXT=''
FLITEDIR=''
FL_LANG=''
FL_LANGVOX=''
FL_LEX=''
FL_VOX=''
GREP=''
HOST_CPU=''
HOST_OS=''
INSTALL_DATA=''
INSTALL_PROGRAM=''
INSTALL_SCRIPT=''
LDFLAGS=''
LEXDEFS=''
LIBOBJS=''
LIBS=''
LTLIBOBJS=''
M68KCC=''
MMAPTYPE=''
NM=''
OBJEXT=''
OTHERLIBS=''
PACKAGE_BUGREPORT=''
PACKAGE_NAME=''
PACKAGE_STRING=''
PACKAGE_TARNAME=''
PACKAGE_URL=''
PACKAGE_VERSION=''
PATH_SEPARATOR=':'
PLATFORM_DEFS=''
RANLIB=''
SDLLIBS=''
SHELL='/bin/bash'
SHFLAGS=''
SIZE=''
STDIOTYPE=''
STRIP=''
TARGET_CPU=''
TARGET_OS=''
VOXDEFS=''
WINDRES=''
ac_ct_CC='mispsel-linux-gcc'
bindir='${exec_prefix}/bin'
build='x86_64-unknown-linux-gnu'
build_alias=''
build_cpu='x86_64'
build_os='linux-gnu'
build_vendor='unknown'
datadir='${datarootdir}'
datarootdir='${prefix}/share'
docdir='${datarootdir}/doc/${PACKAGE}'
dvidir='${docdir}'
exec_prefix='NONE'
host='x86_64-unknown-linux-gnu'
host_alias=''
host_cpu='x86_64'
host_os='linux-gnu'
host_vendor='unknown'
htmldir='${docdir}'
includedir='${prefix}/include'
infodir='${datarootdir}/info'
libdir='${exec_prefix}/lib'
libexecdir='${exec_prefix}/libexec'
localedir='${datarootdir}/locale'
localstatedir='${prefix}/var'
mandir='${datarootdir}/man'
oldincludedir='/usr/include'
pdfdir='${docdir}'
prefix='NONE'
program_transform_name='s,x,x,'
psdir='${docdir}'
sbindir='${exec_prefix}/sbin'
sharedstatedir='${prefix}/com'
sysconfdir='${prefix}/etc'
target='x86_64-unknown-linux-gnu'
target_alias=''
target_cpu='x86_64'
target_os='linux-gnu'
target_vendor='unknown'

## ----------- ##
## confdefs.h. ##
## ----------- ##

/* confdefs.h */
#define PACKAGE_NAME ""
#define PACKAGE_TARNAME ""
#define PACKAGE_VERSION ""
#define PACKAGE_STRING ""
#define PACKAGE_BUGREPORT ""
#define PACKAGE_URL ""

configure: exit 77
