This file contains any messages produced by compilers while
running configure, to aid debugging if configure makes a mistake.

It was created by gngeo configure 0.8, which was
generated by GNU Autoconf 2.69.  Invocation command line was

  $ ./configure --enable-dingux --disable-i386asm --disable-sdltest --host=mipsel-linux host_alias=mipsel-linux --no-create --no-recursion

## --------- ##
## Platform. ##
## --------- ##

hostname = devuan
uname -m = x86_64
uname -r = 4.17.3-gnu
uname -s = Linux
uname -v = #1 SMP Tue Jun 26 01:01:15 UTC 2018

/usr/bin/uname -p = unknown
/bin/uname -X     = unknown

/bin/arch              = unknown
/usr/bin/arch -k       = unknown
/usr/convex/getsysinfo = unknown
/usr/bin/hostinfo      = unknown
/bin/machine           = unknown
/usr/bin/oslevel       = unknown
/bin/universe          = unknown

PATH: /opt/rs97-toolchain/bin
PATH: /home/anonymous/.local/share/lutris/runners/wine/wine-pba-firerat-3.11-x86_64/bin/
PATH: /home/anonymous/Documents/Dev/VBCC/bin
PATH: /home/anonymous/Documents/Dev/pebble-sdk-4.5-linux64/bin
PATH: /home/anonymous/Documents/Dev/d_m_l-agtools-56ca342284db/bin
PATH: /home/anonymous/Documents/Dev/djgpp/bin
PATH: /usr/local/bin
PATH: /usr/bin
PATH: /bin
PATH: /usr/local/games
PATH: /usr/games
PATH: /opt/toolchains/dc/sh-elf/bin
PATH: /opt/toolchains/dc/bin
PATH: /opt/toolchains/kos/utils/gnu_wrappers


## ----------- ##
## Core tests. ##
## ----------- ##

configure:2252: checking build system type
configure:2266: result: x86_64-unknown-linux-gnu
configure:2286: checking host system type
configure:2299: result: mipsel-unknown-linux-gnu
configure:2319: checking target system type
configure:2332: result: mipsel-unknown-linux-gnu
configure:2378: checking for a BSD-compatible install
configure:2446: result: /usr/bin/install -c
configure:2457: checking whether build environment is sane
configure:2507: result: yes
configure:2556: checking for mipsel-linux-strip
configure:2572: found /opt/rs97-toolchain/bin/mipsel-linux-strip
configure:2583: result: mipsel-linux-strip
configure:2648: checking for a thread-safe mkdir -p
configure:2687: result: /bin/mkdir -p
configure:2700: checking for gawk
configure:2716: found /usr/bin/gawk
configure:2727: result: gawk
configure:2738: checking whether make sets $(MAKE)
configure:2760: result: yes
configure:2789: checking whether make supports nested variables
configure:2806: result: yes
configure:2890: checking whether make supports nested variables
configure:2907: result: yes
configure:2935: checking for mipsel-linux-gcc
configure:2951: found /opt/rs97-toolchain/bin/mipsel-linux-gcc
configure:2962: result: mipsel-linux-gcc
configure:3231: checking for C compiler version
configure:3240: mipsel-linux-gcc --version >&5
mipsel-linux-gcc.br_real (Buildroot 2018.05-g8ba0e7a-dirty) 7.3.0
Copyright (C) 2017 Free Software Foundation, Inc.
This is free software; see the source for copying conditions.  There is NO
warranty; not even for MERCHANTABILITY or FITNESS FOR A PARTICULAR PURPOSE.

configure:3251: $? = 0
configure:3240: mipsel-linux-gcc -v >&5
Using built-in specs.
COLLECT_GCC=/home/anonymous/Documents/Dev/rs97-toolchain/bin/mipsel-linux-gcc.br_real
COLLECT_LTO_WRAPPER=/home/anonymous/Documents/Dev/rs97-toolchain/bin/../libexec/gcc/mipsel-buildroot-linux-musl/7.3.0/lto-wrapper
Target: mipsel-buildroot-linux-musl
Configured with: ./configure --prefix=/home/anonymous/Documents/Dev/buildroot-rs97/output/host --sysconfdir=/home/anonymous/Documents/Dev/buildroot-rs97/output/host/etc --enable-static --target=mipsel-buildroot-linux-musl --with-sysroot=/home/anonymous/Documents/Dev/buildroot-rs97/output/host/mipsel-buildroot-linux-musl/sysroot --disable-__cxa_atexit --with-gnu-ld --disable-libssp --disable-multilib --with-gmp=/home/anonymous/Documents/Dev/buildroot-rs97/output/host --with-mpc=/home/anonymous/Documents/Dev/buildroot-rs97/output/host --with-mpfr=/home/anonymous/Documents/Dev/buildroot-rs97/output/host --with-pkgversion='Buildroot 2018.05-g8ba0e7a-dirty' --with-bugurl=http://bugs.buildroot.net/ --disable-libmpx --disable-libquadmath --disable-libsanitizer --enable-tls --disable-libmudflap --enable-threads --without-isl --without-cloog --disable-decimal-float --with-arch=mips32 --with-abi=32 --with-nan=legacy --with-fp-32=32 --enable-languages=c,c++ --with-build-time-tools=/home/anonymous/Documents/Dev/buildroot-rs97/output/host/mipsel-buildroot-linux-musl/bin --enable-shared --disable-libgomp
Thread model: posix
gcc version 7.3.0 (Buildroot 2018.05-g8ba0e7a-dirty) 
configure:3251: $? = 0
configure:3240: mipsel-linux-gcc -V >&5
mipsel-linux-gcc.br_real: error: unrecognized command line option '-V'
mipsel-linux-gcc.br_real: fatal error: no input files
compilation terminated.
configure:3251: $? = 1
configure:3240: mipsel-linux-gcc -qversion >&5
mipsel-linux-gcc.br_real: error: unrecognized command line option '-qversion'; did you mean '--version'?
mipsel-linux-gcc.br_real: fatal error: no input files
compilation terminated.
configure:3251: $? = 1
configure:3271: checking whether the C compiler works
configure:3293: mipsel-linux-gcc    conftest.c  >&5
configure:3297: $? = 0
configure:3345: result: yes
configure:3348: checking for C compiler default output file name
configure:3350: result: a.out
configure:3356: checking for suffix of executables
configure:3363: mipsel-linux-gcc -o conftest    conftest.c  >&5
configure:3367: $? = 0
configure:3389: result: 
configure:3411: checking whether we are cross compiling
configure:3419: mipsel-linux-gcc -o conftest    conftest.c  >&5
configure:3423: $? = 0
configure:3430: ./conftest
./configure: line 3432: ./conftest: cannot execute binary file: Exec format error
configure:3434: $? = 126
configure:3449: result: yes
configure:3454: checking for suffix of object files
configure:3476: mipsel-linux-gcc -c   conftest.c >&5
configure:3480: $? = 0
configure:3501: result: o
configure:3505: checking whether we are using the GNU C compiler
configure:3524: mipsel-linux-gcc -c   conftest.c >&5
configure:3524: $? = 0
configure:3533: result: yes
configure:3542: checking whether mipsel-linux-gcc accepts -g
configure:3562: mipsel-linux-gcc -c -g  conftest.c >&5
configure:3562: $? = 0
configure:3603: result: yes
configure:3620: checking for mipsel-linux-gcc option to accept ISO C89
configure:3683: mipsel-linux-gcc  -c -g -O2  conftest.c >&5
configure:3683: $? = 0
configure:3696: result: none needed
configure:3727: checking for style of include used by make
configure:3755: result: GNU
configure:3781: checking dependency style of mipsel-linux-gcc
configure:3892: result: gcc3
configure:3910: checking for mipsel-linux-ranlib
configure:3926: found /opt/rs97-toolchain/bin/mipsel-linux-ranlib
configure:3937: result: mipsel-linux-ranlib
configure:4008: checking dependency style of mipsel-linux-gcc
configure:4117: result: gcc3
configure:4281: checking for sdl-config
configure:4299: found /usr/bin/sdl-config
configure:4312: result: /usr/bin/sdl-config
configure:4322: checking for SDL - version >= 1.2.0
configure:4424: result: yes
configure:4558: checking for acos in -lm
configure:4583: mipsel-linux-gcc -o conftest -g -O2 -I/usr/include/SDL -D_GNU_SOURCE=1 -D_REENTRANT -mips32 -mtune=mips32 -mno-mips16 -mhard-float -fexpensive-optimizations -fomit-frame-pointer -frename-registers   conftest.c -lm   -L/usr/lib/x86_64-linux-gnu -lSDL >&5
mipsel-linux-gcc: WARNING: unsafe header/library path used in cross-compilation: '-I/usr/include/SDL'
mipsel-linux-gcc: WARNING: unsafe header/library path used in cross-compilation: '-L/usr/lib/x86_64-linux-gnu'
conftest.c:20:6: warning: conflicting types for built-in function 'acos' [-Wbuiltin-declaration-mismatch]
 char acos ();
      ^~~~
/home/anonymous/Documents/Dev/rs97-toolchain/bin/../lib/gcc/mipsel-buildroot-linux-musl/7.3.0/../../../../mipsel-buildroot-linux-musl/bin/ld: warning: library search path "/usr/lib/x86_64-linux-gnu" is unsafe for cross-compilation
/home/anonymous/Documents/Dev/rs97-toolchain/bin/../lib/gcc/mipsel-buildroot-linux-musl/7.3.0/../../../../mipsel-buildroot-linux-musl/bin/ld: skipping incompatible /usr/lib/x86_64-linux-gnu/libm.so when searching for -lm
/home/anonymous/Documents/Dev/rs97-toolchain/bin/../lib/gcc/mipsel-buildroot-linux-musl/7.3.0/../../../../mipsel-buildroot-linux-musl/bin/ld: skipping incompatible /usr/lib/x86_64-linux-gnu/libm.a when searching for -lm
/home/anonymous/Documents/Dev/rs97-toolchain/bin/../lib/gcc/mipsel-buildroot-linux-musl/7.3.0/../../../../mipsel-buildroot-linux-musl/bin/ld: skipping incompatible /usr/lib/x86_64-linux-gnu/libSDL.so when searching for -lSDL
/home/anonymous/Documents/Dev/rs97-toolchain/bin/../lib/gcc/mipsel-buildroot-linux-musl/7.3.0/../../../../mipsel-buildroot-linux-musl/bin/ld: skipping incompatible /usr/lib/x86_64-linux-gnu/libSDL.a when searching for -lSDL
/home/anonymous/Documents/Dev/rs97-toolchain/bin/../lib/gcc/mipsel-buildroot-linux-musl/7.3.0/../../../../mipsel-buildroot-linux-musl/bin/ld: skipping incompatible /usr/lib/x86_64-linux-gnu/libc.so when searching for -lc
/home/anonymous/Documents/Dev/rs97-toolchain/bin/../lib/gcc/mipsel-buildroot-linux-musl/7.3.0/../../../../mipsel-buildroot-linux-musl/bin/ld: skipping incompatible /usr/lib/x86_64-linux-gnu/libc.a when searching for -lc
configure:4583: $? = 0
configure:4592: result: yes
configure:4603: checking for inflate in -lz
configure:4628: mipsel-linux-gcc -o conftest -g -O2 -I/usr/include/SDL -D_GNU_SOURCE=1 -D_REENTRANT -mips32 -mtune=mips32 -mno-mips16 -mhard-float -fexpensive-optimizations -fomit-frame-pointer -frename-registers   conftest.c -lz  -lm  -L/usr/lib/x86_64-linux-gnu -lSDL >&5
mipsel-linux-gcc: WARNING: unsafe header/library path used in cross-compilation: '-I/usr/include/SDL'
mipsel-linux-gcc: WARNING: unsafe header/library path used in cross-compilation: '-L/usr/lib/x86_64-linux-gnu'
/home/anonymous/Documents/Dev/rs97-toolchain/bin/../lib/gcc/mipsel-buildroot-linux-musl/7.3.0/../../../../mipsel-buildroot-linux-musl/bin/ld: warning: library search path "/usr/lib/x86_64-linux-gnu" is unsafe for cross-compilation
/home/anonymous/Documents/Dev/rs97-toolchain/bin/../lib/gcc/mipsel-buildroot-linux-musl/7.3.0/../../../../mipsel-buildroot-linux-musl/bin/ld: skipping incompatible /usr/lib/x86_64-linux-gnu/libz.so when searching for -lz
/home/anonymous/Documents/Dev/rs97-toolchain/bin/../lib/gcc/mipsel-buildroot-linux-musl/7.3.0/../../../../mipsel-buildroot-linux-musl/bin/ld: skipping incompatible /usr/lib/x86_64-linux-gnu/libz.a when searching for -lz
/home/anonymous/Documents/Dev/rs97-toolchain/bin/../lib/gcc/mipsel-buildroot-linux-musl/7.3.0/../../../../mipsel-buildroot-linux-musl/bin/ld: skipping incompatible /usr/lib/x86_64-linux-gnu/libm.so when searching for -lm
/home/anonymous/Documents/Dev/rs97-toolchain/bin/../lib/gcc/mipsel-buildroot-linux-musl/7.3.0/../../../../mipsel-buildroot-linux-musl/bin/ld: skipping incompatible /usr/lib/x86_64-linux-gnu/libm.a when searching for -lm
/home/anonymous/Documents/Dev/rs97-toolchain/bin/../lib/gcc/mipsel-buildroot-linux-musl/7.3.0/../../../../mipsel-buildroot-linux-musl/bin/ld: skipping incompatible /usr/lib/x86_64-linux-gnu/libSDL.so when searching for -lSDL
/home/anonymous/Documents/Dev/rs97-toolchain/bin/../lib/gcc/mipsel-buildroot-linux-musl/7.3.0/../../../../mipsel-buildroot-linux-musl/bin/ld: skipping incompatible /usr/lib/x86_64-linux-gnu/libSDL.a when searching for -lSDL
/home/anonymous/Documents/Dev/rs97-toolchain/bin/../lib/gcc/mipsel-buildroot-linux-musl/7.3.0/../../../../mipsel-buildroot-linux-musl/bin/ld: skipping incompatible /usr/lib/x86_64-linux-gnu/libc.so when searching for -lc
/home/anonymous/Documents/Dev/rs97-toolchain/bin/../lib/gcc/mipsel-buildroot-linux-musl/7.3.0/../../../../mipsel-buildroot-linux-musl/bin/ld: skipping incompatible /usr/lib/x86_64-linux-gnu/libc.a when searching for -lc
configure:4628: $? = 0
configure:4637: result: yes
configure:4652: checking for getopt_long
configure:4652: mipsel-linux-gcc -o conftest -g -O2 -I/usr/include/SDL -D_GNU_SOURCE=1 -D_REENTRANT -mips32 -mtune=mips32 -mno-mips16 -mhard-float -fexpensive-optimizations -fomit-frame-pointer -frename-registers   conftest.c -lz -lm  -L/usr/lib/x86_64-linux-gnu -lSDL >&5
mipsel-linux-gcc: WARNING: unsafe header/library path used in cross-compilation: '-I/usr/include/SDL'
mipsel-linux-gcc: WARNING: unsafe header/library path used in cross-compilation: '-L/usr/lib/x86_64-linux-gnu'
/home/anonymous/Documents/Dev/rs97-toolchain/bin/../lib/gcc/mipsel-buildroot-linux-musl/7.3.0/../../../../mipsel-buildroot-linux-musl/bin/ld: warning: library search path "/usr/lib/x86_64-linux-gnu" is unsafe for cross-compilation
/home/anonymous/Documents/Dev/rs97-toolchain/bin/../lib/gcc/mipsel-buildroot-linux-musl/7.3.0/../../../../mipsel-buildroot-linux-musl/bin/ld: skipping incompatible /usr/lib/x86_64-linux-gnu/libz.so when searching for -lz
/home/anonymous/Documents/Dev/rs97-toolchain/bin/../lib/gcc/mipsel-buildroot-linux-musl/7.3.0/../../../../mipsel-buildroot-linux-musl/bin/ld: skipping incompatible /usr/lib/x86_64-linux-gnu/libz.a when searching for -lz
/home/anonymous/Documents/Dev/rs97-toolchain/bin/../lib/gcc/mipsel-buildroot-linux-musl/7.3.0/../../../../mipsel-buildroot-linux-musl/bin/ld: skipping incompatible /usr/lib/x86_64-linux-gnu/libm.so when searching for -lm
/home/anonymous/Documents/Dev/rs97-toolchain/bin/../lib/gcc/mipsel-buildroot-linux-musl/7.3.0/../../../../mipsel-buildroot-linux-musl/bin/ld: skipping incompatible /usr/lib/x86_64-linux-gnu/libm.a when searching for -lm
/home/anonymous/Documents/Dev/rs97-toolchain/bin/../lib/gcc/mipsel-buildroot-linux-musl/7.3.0/../../../../mipsel-buildroot-linux-musl/bin/ld: skipping incompatible /usr/lib/x86_64-linux-gnu/libSDL.so when searching for -lSDL
/home/anonymous/Documents/Dev/rs97-toolchain/bin/../lib/gcc/mipsel-buildroot-linux-musl/7.3.0/../../../../mipsel-buildroot-linux-musl/bin/ld: skipping incompatible /usr/lib/x86_64-linux-gnu/libSDL.a when searching for -lSDL
/home/anonymous/Documents/Dev/rs97-toolchain/bin/../lib/gcc/mipsel-buildroot-linux-musl/7.3.0/../../../../mipsel-buildroot-linux-musl/bin/ld: skipping incompatible /usr/lib/x86_64-linux-gnu/libc.so when searching for -lc
/home/anonymous/Documents/Dev/rs97-toolchain/bin/../lib/gcc/mipsel-buildroot-linux-musl/7.3.0/../../../../mipsel-buildroot-linux-musl/bin/ld: skipping incompatible /usr/lib/x86_64-linux-gnu/libc.a when searching for -lc
configure:4652: $? = 0
configure:4652: result: yes
configure:4675: checking for scandir
configure:4675: mipsel-linux-gcc -o conftest -g -O2 -I/usr/include/SDL -D_GNU_SOURCE=1 -D_REENTRANT -mips32 -mtune=mips32 -mno-mips16 -mhard-float -fexpensive-optimizations -fomit-frame-pointer -frename-registers   conftest.c -lz -lm  -L/usr/lib/x86_64-linux-gnu -lSDL >&5
mipsel-linux-gcc: WARNING: unsafe header/library path used in cross-compilation: '-I/usr/include/SDL'
mipsel-linux-gcc: WARNING: unsafe header/library path used in cross-compilation: '-L/usr/lib/x86_64-linux-gnu'
/home/anonymous/Documents/Dev/rs97-toolchain/bin/../lib/gcc/mipsel-buildroot-linux-musl/7.3.0/../../../../mipsel-buildroot-linux-musl/bin/ld: warning: library search path "/usr/lib/x86_64-linux-gnu" is unsafe for cross-compilation
/home/anonymous/Documents/Dev/rs97-toolchain/bin/../lib/gcc/mipsel-buildroot-linux-musl/7.3.0/../../../../mipsel-buildroot-linux-musl/bin/ld: skipping incompatible /usr/lib/x86_64-linux-gnu/libz.so when searching for -lz
/home/anonymous/Documents/Dev/rs97-toolchain/bin/../lib/gcc/mipsel-buildroot-linux-musl/7.3.0/../../../../mipsel-buildroot-linux-musl/bin/ld: skipping incompatible /usr/lib/x86_64-linux-gnu/libz.a when searching for -lz
/home/anonymous/Documents/Dev/rs97-toolchain/bin/../lib/gcc/mipsel-buildroot-linux-musl/7.3.0/../../../../mipsel-buildroot-linux-musl/bin/ld: skipping incompatible /usr/lib/x86_64-linux-gnu/libm.so when searching for -lm
/home/anonymous/Documents/Dev/rs97-toolchain/bin/../lib/gcc/mipsel-buildroot-linux-musl/7.3.0/../../../../mipsel-buildroot-linux-musl/bin/ld: skipping incompatible /usr/lib/x86_64-linux-gnu/libm.a when searching for -lm
/home/anonymous/Documents/Dev/rs97-toolchain/bin/../lib/gcc/mipsel-buildroot-linux-musl/7.3.0/../../../../mipsel-buildroot-linux-musl/bin/ld: skipping incompatible /usr/lib/x86_64-linux-gnu/libSDL.so when searching for -lSDL
/home/anonymous/Documents/Dev/rs97-toolchain/bin/../lib/gcc/mipsel-buildroot-linux-musl/7.3.0/../../../../mipsel-buildroot-linux-musl/bin/ld: skipping incompatible /usr/lib/x86_64-linux-gnu/libSDL.a when searching for -lSDL
/home/anonymous/Documents/Dev/rs97-toolchain/bin/../lib/gcc/mipsel-buildroot-linux-musl/7.3.0/../../../../mipsel-buildroot-linux-musl/bin/ld: skipping incompatible /usr/lib/x86_64-linux-gnu/libc.so when searching for -lc
/home/anonymous/Documents/Dev/rs97-toolchain/bin/../lib/gcc/mipsel-buildroot-linux-musl/7.3.0/../../../../mipsel-buildroot-linux-musl/bin/ld: skipping incompatible /usr/lib/x86_64-linux-gnu/libc.a when searching for -lc
configure:4675: $? = 0
configure:4675: result: yes
configure:4686: checking for basename
configure:4686: mipsel-linux-gcc -o conftest -g -O2 -I/usr/include/SDL -D_GNU_SOURCE=1 -D_REENTRANT -mips32 -mtune=mips32 -mno-mips16 -mhard-float -fexpensive-optimizations -fomit-frame-pointer -frename-registers   conftest.c -lz -lm  -L/usr/lib/x86_64-linux-gnu -lSDL >&5
mipsel-linux-gcc: WARNING: unsafe header/library path used in cross-compilation: '-I/usr/include/SDL'
mipsel-linux-gcc: WARNING: unsafe header/library path used in cross-compilation: '-L/usr/lib/x86_64-linux-gnu'
/home/anonymous/Documents/Dev/rs97-toolchain/bin/../lib/gcc/mipsel-buildroot-linux-musl/7.3.0/../../../../mipsel-buildroot-linux-musl/bin/ld: warning: library search path "/usr/lib/x86_64-linux-gnu" is unsafe for cross-compilation
/home/anonymous/Documents/Dev/rs97-toolchain/bin/../lib/gcc/mipsel-buildroot-linux-musl/7.3.0/../../../../mipsel-buildroot-linux-musl/bin/ld: skipping incompatible /usr/lib/x86_64-linux-gnu/libz.so when searching for -lz
/home/anonymous/Documents/Dev/rs97-toolchain/bin/../lib/gcc/mipsel-buildroot-linux-musl/7.3.0/../../../../mipsel-buildroot-linux-musl/bin/ld: skipping incompatible /usr/lib/x86_64-linux-gnu/libz.a when searching for -lz
/home/anonymous/Documents/Dev/rs97-toolchain/bin/../lib/gcc/mipsel-buildroot-linux-musl/7.3.0/../../../../mipsel-buildroot-linux-musl/bin/ld: skipping incompatible /usr/lib/x86_64-linux-gnu/libm.so when searching for -lm
/home/anonymous/Documents/Dev/rs97-toolchain/bin/../lib/gcc/mipsel-buildroot-linux-musl/7.3.0/../../../../mipsel-buildroot-linux-musl/bin/ld: skipping incompatible /usr/lib/x86_64-linux-gnu/libm.a when searching for -lm
/home/anonymous/Documents/Dev/rs97-toolchain/bin/../lib/gcc/mipsel-buildroot-linux-musl/7.3.0/../../../../mipsel-buildroot-linux-musl/bin/ld: skipping incompatible /usr/lib/x86_64-linux-gnu/libSDL.so when searching for -lSDL
/home/anonymous/Documents/Dev/rs97-toolchain/bin/../lib/gcc/mipsel-buildroot-linux-musl/7.3.0/../../../../mipsel-buildroot-linux-musl/bin/ld: skipping incompatible /usr/lib/x86_64-linux-gnu/libSDL.a when searching for -lSDL
/home/anonymous/Documents/Dev/rs97-toolchain/bin/../lib/gcc/mipsel-buildroot-linux-musl/7.3.0/../../../../mipsel-buildroot-linux-musl/bin/ld: skipping incompatible /usr/lib/x86_64-linux-gnu/libc.so when searching for -lc
/home/anonymous/Documents/Dev/rs97-toolchain/bin/../lib/gcc/mipsel-buildroot-linux-musl/7.3.0/../../../../mipsel-buildroot-linux-musl/bin/ld: skipping incompatible /usr/lib/x86_64-linux-gnu/libc.a when searching for -lc
configure:4686: $? = 0
configure:4686: result: yes
configure:4697: checking for mmap
configure:4697: mipsel-linux-gcc -o conftest -g -O2 -I/usr/include/SDL -D_GNU_SOURCE=1 -D_REENTRANT -mips32 -mtune=mips32 -mno-mips16 -mhard-float -fexpensive-optimizations -fomit-frame-pointer -frename-registers   conftest.c -lz -lm  -L/usr/lib/x86_64-linux-gnu -lSDL >&5
mipsel-linux-gcc: WARNING: unsafe header/library path used in cross-compilation: '-I/usr/include/SDL'
mipsel-linux-gcc: WARNING: unsafe header/library path used in cross-compilation: '-L/usr/lib/x86_64-linux-gnu'
/home/anonymous/Documents/Dev/rs97-toolchain/bin/../lib/gcc/mipsel-buildroot-linux-musl/7.3.0/../../../../mipsel-buildroot-linux-musl/bin/ld: warning: library search path "/usr/lib/x86_64-linux-gnu" is unsafe for cross-compilation
/home/anonymous/Documents/Dev/rs97-toolchain/bin/../lib/gcc/mipsel-buildroot-linux-musl/7.3.0/../../../../mipsel-buildroot-linux-musl/bin/ld: skipping incompatible /usr/lib/x86_64-linux-gnu/libz.so when searching for -lz
/home/anonymous/Documents/Dev/rs97-toolchain/bin/../lib/gcc/mipsel-buildroot-linux-musl/7.3.0/../../../../mipsel-buildroot-linux-musl/bin/ld: skipping incompatible /usr/lib/x86_64-linux-gnu/libz.a when searching for -lz
/home/anonymous/Documents/Dev/rs97-toolchain/bin/../lib/gcc/mipsel-buildroot-linux-musl/7.3.0/../../../../mipsel-buildroot-linux-musl/bin/ld: skipping incompatible /usr/lib/x86_64-linux-gnu/libm.so when searching for -lm
/home/anonymous/Documents/Dev/rs97-toolchain/bin/../lib/gcc/mipsel-buildroot-linux-musl/7.3.0/../../../../mipsel-buildroot-linux-musl/bin/ld: skipping incompatible /usr/lib/x86_64-linux-gnu/libm.a when searching for -lm
/home/anonymous/Documents/Dev/rs97-toolchain/bin/../lib/gcc/mipsel-buildroot-linux-musl/7.3.0/../../../../mipsel-buildroot-linux-musl/bin/ld: skipping incompatible /usr/lib/x86_64-linux-gnu/libSDL.so when searching for -lSDL
/home/anonymous/Documents/Dev/rs97-toolchain/bin/../lib/gcc/mipsel-buildroot-linux-musl/7.3.0/../../../../mipsel-buildroot-linux-musl/bin/ld: skipping incompatible /usr/lib/x86_64-linux-gnu/libSDL.a when searching for -lSDL
/home/anonymous/Documents/Dev/rs97-toolchain/bin/../lib/gcc/mipsel-buildroot-linux-musl/7.3.0/../../../../mipsel-buildroot-linux-musl/bin/ld: skipping incompatible /usr/lib/x86_64-linux-gnu/libc.so when searching for -lc
/home/anonymous/Documents/Dev/rs97-toolchain/bin/../lib/gcc/mipsel-buildroot-linux-musl/7.3.0/../../../../mipsel-buildroot-linux-musl/bin/ld: skipping incompatible /usr/lib/x86_64-linux-gnu/libc.a when searching for -lc
configure:4697: $? = 0
configure:4697: result: yes
configure:4874: checking how to run the C preprocessor
configure:4905: mipsel-linux-gcc -E  conftest.c
configure:4905: $? = 0
configure:4919: mipsel-linux-gcc -E  conftest.c
conftest.c:21:10: fatal error: ac_nonexistent.h: No such file or directory
 #include <ac_nonexistent.h>
          ^~~~~~~~~~~~~~~~~~
compilation terminated.
configure:4919: $? = 1
configure: failed program was:
| /* confdefs.h */
| #define PACKAGE_NAME "gngeo"
| #define PACKAGE_TARNAME "gngeo"
| #define PACKAGE_VERSION "0.8"
| #define PACKAGE_STRING "gngeo 0.8"
| #define PACKAGE_BUGREPORT ""
| #define PACKAGE_URL ""
| #define PACKAGE "gngeo"
| #define VERSION "0.8"
| #define DINGUX 1
| #define EMBEDDED_FS 1
| #define HAVE_LIBM 1
| #define HAVE_LIBZ 1
| #define HAVE_GETOPT_LONG 1
| #define HAVE_SCANDIR 1
| #define HAVE_BASENAME 1
| #define HAVE_MMAP 1
| #define USE_GENERATOR68K 1
| #define USE_MAMEZ80 1
| /* end confdefs.h.  */
| #include <ac_nonexistent.h>
configure:4944: result: mipsel-linux-gcc -E
configure:4964: mipsel-linux-gcc -E  conftest.c
configure:4964: $? = 0
configure:4978: mipsel-linux-gcc -E  conftest.c
conftest.c:21:10: fatal error: ac_nonexistent.h: No such file or directory
 #include <ac_nonexistent.h>
          ^~~~~~~~~~~~~~~~~~
compilation terminated.
configure:4978: $? = 1
configure: failed program was:
| /* confdefs.h */
| #define PACKAGE_NAME "gngeo"
| #define PACKAGE_TARNAME "gngeo"
| #define PACKAGE_VERSION "0.8"
| #define PACKAGE_STRING "gngeo 0.8"
| #define PACKAGE_BUGREPORT ""
| #define PACKAGE_URL ""
| #define PACKAGE "gngeo"
| #define VERSION "0.8"
| #define DINGUX 1
| #define EMBEDDED_FS 1
| #define HAVE_LIBM 1
| #define HAVE_LIBZ 1
| #define HAVE_GETOPT_LONG 1
| #define HAVE_SCANDIR 1
| #define HAVE_BASENAME 1
| #define HAVE_MMAP 1
| #define USE_GENERATOR68K 1
| #define USE_MAMEZ80 1
| /* end confdefs.h.  */
| #include <ac_nonexistent.h>
configure:5007: checking for grep that handles long lines and -e
configure:5065: result: /bin/grep
configure:5070: checking for egrep
configure:5132: result: /bin/grep -E
configure:5137: checking for ANSI C header files
configure:5157: mipsel-linux-gcc -c -g -O2 -I/usr/include/SDL -D_GNU_SOURCE=1 -D_REENTRANT -mips32 -mtune=mips32 -mno-mips16 -mhard-float -fexpensive-optimizations -fomit-frame-pointer -frename-registers  conftest.c >&5
mipsel-linux-gcc: WARNING: unsafe header/library path used in cross-compilation: '-I/usr/include/SDL'
configure:5157: $? = 0
configure:5241: result: yes
configure:5254: checking for sys/types.h
configure:5254: mipsel-linux-gcc -c -g -O2 -I/usr/include/SDL -D_GNU_SOURCE=1 -D_REENTRANT -mips32 -mtune=mips32 -mno-mips16 -mhard-float -fexpensive-optimizations -fomit-frame-pointer -frename-registers  conftest.c >&5
mipsel-linux-gcc: WARNING: unsafe header/library path used in cross-compilation: '-I/usr/include/SDL'
configure:5254: $? = 0
configure:5254: result: yes
configure:5254: checking for sys/stat.h
configure:5254: mipsel-linux-gcc -c -g -O2 -I/usr/include/SDL -D_GNU_SOURCE=1 -D_REENTRANT -mips32 -mtune=mips32 -mno-mips16 -mhard-float -fexpensive-optimizations -fomit-frame-pointer -frename-registers  conftest.c >&5
mipsel-linux-gcc: WARNING: unsafe header/library path used in cross-compilation: '-I/usr/include/SDL'
configure:5254: $? = 0
configure:5254: result: yes
configure:5254: checking for stdlib.h
configure:5254: mipsel-linux-gcc -c -g -O2 -I/usr/include/SDL -D_GNU_SOURCE=1 -D_REENTRANT -mips32 -mtune=mips32 -mno-mips16 -mhard-float -fexpensive-optimizations -fomit-frame-pointer -frename-registers  conftest.c >&5
mipsel-linux-gcc: WARNING: unsafe header/library path used in cross-compilation: '-I/usr/include/SDL'
configure:5254: $? = 0
configure:5254: result: yes
configure:5254: checking for string.h
configure:5254: mipsel-linux-gcc -c -g -O2 -I/usr/include/SDL -D_GNU_SOURCE=1 -D_REENTRANT -mips32 -mtune=mips32 -mno-mips16 -mhard-float -fexpensive-optimizations -fomit-frame-pointer -frename-registers  conftest.c >&5
mipsel-linux-gcc: WARNING: unsafe header/library path used in cross-compilation: '-I/usr/include/SDL'
configure:5254: $? = 0
configure:5254: result: yes
configure:5254: checking for memory.h
configure:5254: mipsel-linux-gcc -c -g -O2 -I/usr/include/SDL -D_GNU_SOURCE=1 -D_REENTRANT -mips32 -mtune=mips32 -mno-mips16 -mhard-float -fexpensive-optimizations -fomit-frame-pointer -frename-registers  conftest.c >&5
mipsel-linux-gcc: WARNING: unsafe header/library path used in cross-compilation: '-I/usr/include/SDL'
configure:5254: $? = 0
configure:5254: result: yes
configure:5254: checking for strings.h
configure:5254: mipsel-linux-gcc -c -g -O2 -I/usr/include/SDL -D_GNU_SOURCE=1 -D_REENTRANT -mips32 -mtune=mips32 -mno-mips16 -mhard-float -fexpensive-optimizations -fomit-frame-pointer -frename-registers  conftest.c >&5
mipsel-linux-gcc: WARNING: unsafe header/library path used in cross-compilation: '-I/usr/include/SDL'
configure:5254: $? = 0
configure:5254: result: yes
configure:5254: checking for inttypes.h
configure:5254: mipsel-linux-gcc -c -g -O2 -I/usr/include/SDL -D_GNU_SOURCE=1 -D_REENTRANT -mips32 -mtune=mips32 -mno-mips16 -mhard-float -fexpensive-optimizations -fomit-frame-pointer -frename-registers  conftest.c >&5
mipsel-linux-gcc: WARNING: unsafe header/library path used in cross-compilation: '-I/usr/include/SDL'
configure:5254: $? = 0
configure:5254: result: yes
configure:5254: checking for stdint.h
configure:5254: mipsel-linux-gcc -c -g -O2 -I/usr/include/SDL -D_GNU_SOURCE=1 -D_REENTRANT -mips32 -mtune=mips32 -mno-mips16 -mhard-float -fexpensive-optimizations -fomit-frame-pointer -frename-registers  conftest.c >&5
mipsel-linux-gcc: WARNING: unsafe header/library path used in cross-compilation: '-I/usr/include/SDL'
configure:5254: $? = 0
configure:5254: result: yes
configure:5254: checking for unistd.h
configure:5254: mipsel-linux-gcc -c -g -O2 -I/usr/include/SDL -D_GNU_SOURCE=1 -D_REENTRANT -mips32 -mtune=mips32 -mno-mips16 -mhard-float -fexpensive-optimizations -fomit-frame-pointer -frename-registers  conftest.c >&5
mipsel-linux-gcc: WARNING: unsafe header/library path used in cross-compilation: '-I/usr/include/SDL'
configure:5254: $? = 0
configure:5254: result: yes
configure:5268: checking GL/gl.h usability
configure:5268: mipsel-linux-gcc -c -g -O2 -I/usr/include/SDL -D_GNU_SOURCE=1 -D_REENTRANT -mips32 -mtune=mips32 -mno-mips16 -mhard-float -fexpensive-optimizations -fomit-frame-pointer -frename-registers  conftest.c >&5
mipsel-linux-gcc: WARNING: unsafe header/library path used in cross-compilation: '-I/usr/include/SDL'
conftest.c:64:10: fatal error: GL/gl.h: No such file or directory
 #include <GL/gl.h>
          ^~~~~~~~~
compilation terminated.
configure:5268: $? = 1
configure: failed program was:
| /* confdefs.h */
| #define PACKAGE_NAME "gngeo"
| #define PACKAGE_TARNAME "gngeo"
| #define PACKAGE_VERSION "0.8"
| #define PACKAGE_STRING "gngeo 0.8"
| #define PACKAGE_BUGREPORT ""
| #define PACKAGE_URL ""
| #define PACKAGE "gngeo"
| #define VERSION "0.8"
| #define DINGUX 1
| #define EMBEDDED_FS 1
| #define HAVE_LIBM 1
| #define HAVE_LIBZ 1
| #define HAVE_GETOPT_LONG 1
| #define HAVE_SCANDIR 1
| #define HAVE_BASENAME 1
| #define HAVE_MMAP 1
| #define USE_GENERATOR68K 1
| #define USE_MAMEZ80 1
| #define STDC_HEADERS 1
| #define HAVE_SYS_TYPES_H 1
| #define HAVE_SYS_STAT_H 1
| #define HAVE_STDLIB_H 1
| #define HAVE_STRING_H 1
| #define HAVE_MEMORY_H 1
| #define HAVE_STRINGS_H 1
| #define HAVE_INTTYPES_H 1
| #define HAVE_STDINT_H 1
| #define HAVE_UNISTD_H 1
| /* end confdefs.h.  */
| #include <stdio.h>
| #ifdef HAVE_SYS_TYPES_H
| # include <sys/types.h>
| #endif
| #ifdef HAVE_SYS_STAT_H
| # include <sys/stat.h>
| #endif
| #ifdef STDC_HEADERS
| # include <stdlib.h>
| # include <stddef.h>
| #else
| # ifdef HAVE_STDLIB_H
| #  include <stdlib.h>
| # endif
| #endif
| #ifdef HAVE_STRING_H
| # if !defined STDC_HEADERS && defined HAVE_MEMORY_H
| #  include <memory.h>
| # endif
| # include <string.h>
| #endif
| #ifdef HAVE_STRINGS_H
| # include <strings.h>
| #endif
| #ifdef HAVE_INTTYPES_H
| # include <inttypes.h>
| #endif
| #ifdef HAVE_STDINT_H
| # include <stdint.h>
| #endif
| #ifdef HAVE_UNISTD_H
| # include <unistd.h>
| #endif
| #include <GL/gl.h>
configure:5268: result: no
configure:5268: checking GL/gl.h presence
configure:5268: mipsel-linux-gcc -E  conftest.c
conftest.c:31:10: fatal error: GL/gl.h: No such file or directory
 #include <GL/gl.h>
          ^~~~~~~~~
compilation terminated.
configure:5268: $? = 1
configure: failed program was:
| /* confdefs.h */
| #define PACKAGE_NAME "gngeo"
| #define PACKAGE_TARNAME "gngeo"
| #define PACKAGE_VERSION "0.8"
| #define PACKAGE_STRING "gngeo 0.8"
| #define PACKAGE_BUGREPORT ""
| #define PACKAGE_URL ""
| #define PACKAGE "gngeo"
| #define VERSION "0.8"
| #define DINGUX 1
| #define EMBEDDED_FS 1
| #define HAVE_LIBM 1
| #define HAVE_LIBZ 1
| #define HAVE_GETOPT_LONG 1
| #define HAVE_SCANDIR 1
| #define HAVE_BASENAME 1
| #define HAVE_MMAP 1
| #define USE_GENERATOR68K 1
| #define USE_MAMEZ80 1
| #define STDC_HEADERS 1
| #define HAVE_SYS_TYPES_H 1
| #define HAVE_SYS_STAT_H 1
| #define HAVE_STDLIB_H 1
| #define HAVE_STRING_H 1
| #define HAVE_MEMORY_H 1
| #define HAVE_STRINGS_H 1
| #define HAVE_INTTYPES_H 1
| #define HAVE_STDINT_H 1
| #define HAVE_UNISTD_H 1
| /* end confdefs.h.  */
| #include <GL/gl.h>
configure:5268: result: no
configure:5268: checking for GL/gl.h
configure:5268: result: no
configure:5367: checking for dirent.h that defines DIR
configure:5386: mipsel-linux-gcc -c -g -O2 -I/usr/include/SDL -D_GNU_SOURCE=1 -D_REENTRANT -mips32 -mtune=mips32 -mno-mips16 -mhard-float -fexpensive-optimizations -fomit-frame-pointer -frename-registers  conftest.c >&5
mipsel-linux-gcc: WARNING: unsafe header/library path used in cross-compilation: '-I/usr/include/SDL'
configure:5386: $? = 0
configure:5394: result: yes
configure:5407: checking for library containing opendir
configure:5438: mipsel-linux-gcc -o conftest -g -O2 -I/usr/include/SDL -D_GNU_SOURCE=1 -D_REENTRANT -mips32 -mtune=mips32 -mno-mips16 -mhard-float -fexpensive-optimizations -fomit-frame-pointer -frename-registers   conftest.c -lz -lm  -L/usr/lib/x86_64-linux-gnu -lSDL >&5
mipsel-linux-gcc: WARNING: unsafe header/library path used in cross-compilation: '-I/usr/include/SDL'
mipsel-linux-gcc: WARNING: unsafe header/library path used in cross-compilation: '-L/usr/lib/x86_64-linux-gnu'
/home/anonymous/Documents/Dev/rs97-toolchain/bin/../lib/gcc/mipsel-buildroot-linux-musl/7.3.0/../../../../mipsel-buildroot-linux-musl/bin/ld: warning: library search path "/usr/lib/x86_64-linux-gnu" is unsafe for cross-compilation
/home/anonymous/Documents/Dev/rs97-toolchain/bin/../lib/gcc/mipsel-buildroot-linux-musl/7.3.0/../../../../mipsel-buildroot-linux-musl/bin/ld: skipping incompatible /usr/lib/x86_64-linux-gnu/libz.so when searching for -lz
/home/anonymous/Documents/Dev/rs97-toolchain/bin/../lib/gcc/mipsel-buildroot-linux-musl/7.3.0/../../../../mipsel-buildroot-linux-musl/bin/ld: skipping incompatible /usr/lib/x86_64-linux-gnu/libz.a when searching for -lz
/home/anonymous/Documents/Dev/rs97-toolchain/bin/../lib/gcc/mipsel-buildroot-linux-musl/7.3.0/../../../../mipsel-buildroot-linux-musl/bin/ld: skipping incompatible /usr/lib/x86_64-linux-gnu/libm.so when searching for -lm
/home/anonymous/Documents/Dev/rs97-toolchain/bin/../lib/gcc/mipsel-buildroot-linux-musl/7.3.0/../../../../mipsel-buildroot-linux-musl/bin/ld: skipping incompatible /usr/lib/x86_64-linux-gnu/libm.a when searching for -lm
/home/anonymous/Documents/Dev/rs97-toolchain/bin/../lib/gcc/mipsel-buildroot-linux-musl/7.3.0/../../../../mipsel-buildroot-linux-musl/bin/ld: skipping incompatible /usr/lib/x86_64-linux-gnu/libSDL.so when searching for -lSDL
/home/anonymous/Documents/Dev/rs97-toolchain/bin/../lib/gcc/mipsel-buildroot-linux-musl/7.3.0/../../../../mipsel-buildroot-linux-musl/bin/ld: skipping incompatible /usr/lib/x86_64-linux-gnu/libSDL.a when searching for -lSDL
/home/anonymous/Documents/Dev/rs97-toolchain/bin/../lib/gcc/mipsel-buildroot-linux-musl/7.3.0/../../../../mipsel-buildroot-linux-musl/bin/ld: skipping incompatible /usr/lib/x86_64-linux-gnu/libc.so when searching for -lc
/home/anonymous/Documents/Dev/rs97-toolchain/bin/../lib/gcc/mipsel-buildroot-linux-musl/7.3.0/../../../../mipsel-buildroot-linux-musl/bin/ld: skipping incompatible /usr/lib/x86_64-linux-gnu/libc.a when searching for -lc
configure:5438: $? = 0
configure:5455: result: none required
configure:5522: checking for ANSI C header files
configure:5626: result: yes
configure:5637: checking errno.h usability
configure:5637: mipsel-linux-gcc -c -g -O2 -I/usr/include/SDL -D_GNU_SOURCE=1 -D_REENTRANT -mips32 -mtune=mips32 -mno-mips16 -mhard-float -fexpensive-optimizations -fomit-frame-pointer -frename-registers  conftest.c >&5
mipsel-linux-gcc: WARNING: unsafe header/library path used in cross-compilation: '-I/usr/include/SDL'
configure:5637: $? = 0
configure:5637: result: yes
configure:5637: checking errno.h presence
configure:5637: mipsel-linux-gcc -E  conftest.c
configure:5637: $? = 0
configure:5637: result: yes
configure:5637: checking for errno.h
configure:5637: result: yes
configure:5637: checking limits.h usability
configure:5637: mipsel-linux-gcc -c -g -O2 -I/usr/include/SDL -D_GNU_SOURCE=1 -D_REENTRANT -mips32 -mtune=mips32 -mno-mips16 -mhard-float -fexpensive-optimizations -fomit-frame-pointer -frename-registers  conftest.c >&5
mipsel-linux-gcc: WARNING: unsafe header/library path used in cross-compilation: '-I/usr/include/SDL'
configure:5637: $? = 0
configure:5637: result: yes
configure:5637: checking limits.h presence
configure:5637: mipsel-linux-gcc -E  conftest.c
configure:5637: $? = 0
configure:5637: result: yes
configure:5637: checking for limits.h
configure:5637: result: yes
configure:5637: checking malloc.h usability
configure:5637: mipsel-linux-gcc -c -g -O2 -I/usr/include/SDL -D_GNU_SOURCE=1 -D_REENTRANT -mips32 -mtune=mips32 -mno-mips16 -mhard-float -fexpensive-optimizations -fomit-frame-pointer -frename-registers  conftest.c >&5
mipsel-linux-gcc: WARNING: unsafe header/library path used in cross-compilation: '-I/usr/include/SDL'
configure:5637: $? = 0
configure:5637: result: yes
configure:5637: checking malloc.h presence
configure:5637: mipsel-linux-gcc -E  conftest.c
configure:5637: $? = 0
configure:5637: result: yes
configure:5637: checking for malloc.h
configure:5637: result: yes
configure:5637: checking stddef.h usability
configure:5637: mipsel-linux-gcc -c -g -O2 -I/usr/include/SDL -D_GNU_SOURCE=1 -D_REENTRANT -mips32 -mtune=mips32 -mno-mips16 -mhard-float -fexpensive-optimizations -fomit-frame-pointer -frename-registers  conftest.c >&5
mipsel-linux-gcc: WARNING: unsafe header/library path used in cross-compilation: '-I/usr/include/SDL'
configure:5637: $? = 0
configure:5637: result: yes
configure:5637: checking stddef.h presence
configure:5637: mipsel-linux-gcc -E  conftest.c
configure:5637: $? = 0
configure:5637: result: yes
configure:5637: checking for stddef.h
configure:5637: result: yes
configure:5637: checking for stdlib.h
configure:5637: result: yes
configure:5637: checking for string.h
configure:5637: result: yes
configure:5637: checking sys/time.h usability
configure:5637: mipsel-linux-gcc -c -g -O2 -I/usr/include/SDL -D_GNU_SOURCE=1 -D_REENTRANT -mips32 -mtune=mips32 -mno-mips16 -mhard-float -fexpensive-optimizations -fomit-frame-pointer -frename-registers  conftest.c >&5
mipsel-linux-gcc: WARNING: unsafe header/library path used in cross-compilation: '-I/usr/include/SDL'
configure:5637: $? = 0
configure:5637: result: yes
configure:5637: checking sys/time.h presence
configure:5637: mipsel-linux-gcc -E  conftest.c
configure:5637: $? = 0
configure:5637: result: yes
configure:5637: checking for sys/time.h
configure:5637: result: yes
configure:5637: checking for unistd.h
configure:5637: result: yes
configure:5649: checking for an ANSI C-conforming const
configure:5715: mipsel-linux-gcc -c -g -O2 -I/usr/include/SDL -D_GNU_SOURCE=1 -D_REENTRANT -mips32 -mtune=mips32 -mno-mips16 -mhard-float -fexpensive-optimizations -fomit-frame-pointer -frename-registers  conftest.c >&5
mipsel-linux-gcc: WARNING: unsafe header/library path used in cross-compilation: '-I/usr/include/SDL'
configure:5715: $? = 0
configure:5722: result: yes
configure:5730: checking for inline
configure:5746: mipsel-linux-gcc -c -g -O2 -I/usr/include/SDL -D_GNU_SOURCE=1 -D_REENTRANT -mips32 -mtune=mips32 -mno-mips16 -mhard-float -fexpensive-optimizations -fomit-frame-pointer -frename-registers  conftest.c >&5
mipsel-linux-gcc: WARNING: unsafe header/library path used in cross-compilation: '-I/usr/include/SDL'
configure:5746: $? = 0
configure:5754: result: inline
configure:5772: checking whether time.h and sys/time.h may both be included
configure:5792: mipsel-linux-gcc -c -g -O2 -I/usr/include/SDL -D_GNU_SOURCE=1 -D_REENTRANT -mips32 -mtune=mips32 -mno-mips16 -mhard-float -fexpensive-optimizations -fomit-frame-pointer -frename-registers  conftest.c >&5
mipsel-linux-gcc: WARNING: unsafe header/library path used in cross-compilation: '-I/usr/include/SDL'
configure:5792: $? = 0
configure:5799: result: yes
configure:5807: checking whether struct tm is in sys/time.h or time.h
configure:5827: mipsel-linux-gcc -c -g -O2 -I/usr/include/SDL -D_GNU_SOURCE=1 -D_REENTRANT -mips32 -mtune=mips32 -mno-mips16 -mhard-float -fexpensive-optimizations -fomit-frame-pointer -frename-registers  conftest.c >&5
mipsel-linux-gcc: WARNING: unsafe header/library path used in cross-compilation: '-I/usr/include/SDL'
configure:5827: $? = 0
configure:5834: result: time.h
configure:5842: checking whether byte ordering is bigendian
configure:5857: mipsel-linux-gcc -c -g -O2 -I/usr/include/SDL -D_GNU_SOURCE=1 -D_REENTRANT -mips32 -mtune=mips32 -mno-mips16 -mhard-float -fexpensive-optimizations -fomit-frame-pointer -frename-registers  conftest.c >&5
mipsel-linux-gcc: WARNING: unsafe header/library path used in cross-compilation: '-I/usr/include/SDL'
conftest.c:44:9: error: unknown type name 'not'
         not a universal capable compiler
         ^~~
conftest.c:44:15: error: expected '=', ',', ';', 'asm' or '__attribute__' before 'universal'
         not a universal capable compiler
               ^~~~~~~~~
conftest.c:44:15: error: unknown type name 'universal'
configure:5857: $? = 1
configure: failed program was:
| /* confdefs.h */
| #define PACKAGE_NAME "gngeo"
| #define PACKAGE_TARNAME "gngeo"
| #define PACKAGE_VERSION "0.8"
| #define PACKAGE_STRING "gngeo 0.8"
| #define PACKAGE_BUGREPORT ""
| #define PACKAGE_URL ""
| #define PACKAGE "gngeo"
| #define VERSION "0.8"
| #define DINGUX 1
| #define EMBEDDED_FS 1
| #define HAVE_LIBM 1
| #define HAVE_LIBZ 1
| #define HAVE_GETOPT_LONG 1
| #define HAVE_SCANDIR 1
| #define HAVE_BASENAME 1
| #define HAVE_MMAP 1
| #define USE_GENERATOR68K 1
| #define USE_MAMEZ80 1
| #define STDC_HEADERS 1
| #define HAVE_SYS_TYPES_H 1
| #define HAVE_SYS_STAT_H 1
| #define HAVE_STDLIB_H 1
| #define HAVE_STRING_H 1
| #define HAVE_MEMORY_H 1
| #define HAVE_STRINGS_H 1
| #define HAVE_INTTYPES_H 1
| #define HAVE_STDINT_H 1
| #define HAVE_UNISTD_H 1
| #define USE_GL2 1
| #define HAVE_DIRENT_H 1
| #define STDC_HEADERS 1
| #define HAVE_ERRNO_H 1
| #define HAVE_LIMITS_H 1
| #define HAVE_MALLOC_H 1
| #define HAVE_STDDEF_H 1
| #define HAVE_STDLIB_H 1
| #define HAVE_STRING_H 1
| #define HAVE_SYS_TIME_H 1
| #define HAVE_UNISTD_H 1
| #define TIME_WITH_SYS_TIME 1
| /* end confdefs.h.  */
| #ifndef __APPLE_CC__
| 	       not a universal capable compiler
| 	     #endif
| 	     typedef int dummy;
| 
configure:5902: mipsel-linux-gcc -c -g -O2 -I/usr/include/SDL -D_GNU_SOURCE=1 -D_REENTRANT -mips32 -mtune=mips32 -mno-mips16 -mhard-float -fexpensive-optimizations -fomit-frame-pointer -frename-registers  conftest.c >&5
mipsel-linux-gcc: WARNING: unsafe header/library path used in cross-compilation: '-I/usr/include/SDL'
configure:5902: $? = 0
configure:5920: mipsel-linux-gcc -c -g -O2 -I/usr/include/SDL -D_GNU_SOURCE=1 -D_REENTRANT -mips32 -mtune=mips32 -mno-mips16 -mhard-float -fexpensive-optimizations -fomit-frame-pointer -frename-registers  conftest.c >&5
mipsel-linux-gcc: WARNING: unsafe header/library path used in cross-compilation: '-I/usr/include/SDL'
conftest.c: In function 'main':
conftest.c:50:4: error: unknown type name 'not'; did you mean 'ino_t'?
    not big endian
    ^~~
    ino_t
conftest.c:50:12: error: expected '=', ',', ';', 'asm' or '__attribute__' before 'endian'
    not big endian
            ^~~~~~
configure:5920: $? = 1
configure: failed program was:
| /* confdefs.h */
| #define PACKAGE_NAME "gngeo"
| #define PACKAGE_TARNAME "gngeo"
| #define PACKAGE_VERSION "0.8"
| #define PACKAGE_STRING "gngeo 0.8"
| #define PACKAGE_BUGREPORT ""
| #define PACKAGE_URL ""
| #define PACKAGE "gngeo"
| #define VERSION "0.8"
| #define DINGUX 1
| #define EMBEDDED_FS 1
| #define HAVE_LIBM 1
| #define HAVE_LIBZ 1
| #define HAVE_GETOPT_LONG 1
| #define HAVE_SCANDIR 1
| #define HAVE_BASENAME 1
| #define HAVE_MMAP 1
| #define USE_GENERATOR68K 1
| #define USE_MAMEZ80 1
| #define STDC_HEADERS 1
| #define HAVE_SYS_TYPES_H 1
| #define HAVE_SYS_STAT_H 1
| #define HAVE_STDLIB_H 1
| #define HAVE_STRING_H 1
| #define HAVE_MEMORY_H 1
| #define HAVE_STRINGS_H 1
| #define HAVE_INTTYPES_H 1
| #define HAVE_STDINT_H 1
| #define HAVE_UNISTD_H 1
| #define USE_GL2 1
| #define HAVE_DIRENT_H 1
| #define STDC_HEADERS 1
| #define HAVE_ERRNO_H 1
| #define HAVE_LIMITS_H 1
| #define HAVE_MALLOC_H 1
| #define HAVE_STDDEF_H 1
| #define HAVE_STDLIB_H 1
| #define HAVE_STRING_H 1
| #define HAVE_SYS_TIME_H 1
| #define HAVE_UNISTD_H 1
| #define TIME_WITH_SYS_TIME 1
| /* end confdefs.h.  */
| #include <sys/types.h>
| 		#include <sys/param.h>
| 
| int
| main ()
| {
| #if BYTE_ORDER != BIG_ENDIAN
| 		 not big endian
| 		#endif
| 
|   ;
|   return 0;
| }
configure:6048: result: no
configure:6070: checking for vprintf
configure:6070: mipsel-linux-gcc -o conftest -g -O2 -I/usr/include/SDL -D_GNU_SOURCE=1 -D_REENTRANT -mips32 -mtune=mips32 -mno-mips16 -mhard-float -fexpensive-optimizations -fomit-frame-pointer -frename-registers   conftest.c -lz -lm  -L/usr/lib/x86_64-linux-gnu -lSDL >&5
mipsel-linux-gcc: WARNING: unsafe header/library path used in cross-compilation: '-I/usr/include/SDL'
mipsel-linux-gcc: WARNING: unsafe header/library path used in cross-compilation: '-L/usr/lib/x86_64-linux-gnu'
conftest.c:66:6: warning: conflicting types for built-in function 'vprintf' [-Wbuiltin-declaration-mismatch]
 char vprintf ();
      ^~~~~~~
/home/anonymous/Documents/Dev/rs97-toolchain/bin/../lib/gcc/mipsel-buildroot-linux-musl/7.3.0/../../../../mipsel-buildroot-linux-musl/bin/ld: warning: library search path "/usr/lib/x86_64-linux-gnu" is unsafe for cross-compilation
/home/anonymous/Documents/Dev/rs97-toolchain/bin/../lib/gcc/mipsel-buildroot-linux-musl/7.3.0/../../../../mipsel-buildroot-linux-musl/bin/ld: skipping incompatible /usr/lib/x86_64-linux-gnu/libz.so when searching for -lz
/home/anonymous/Documents/Dev/rs97-toolchain/bin/../lib/gcc/mipsel-buildroot-linux-musl/7.3.0/../../../../mipsel-buildroot-linux-musl/bin/ld: skipping incompatible /usr/lib/x86_64-linux-gnu/libz.a when searching for -lz
/home/anonymous/Documents/Dev/rs97-toolchain/bin/../lib/gcc/mipsel-buildroot-linux-musl/7.3.0/../../../../mipsel-buildroot-linux-musl/bin/ld: skipping incompatible /usr/lib/x86_64-linux-gnu/libm.so when searching for -lm
/home/anonymous/Documents/Dev/rs97-toolchain/bin/../lib/gcc/mipsel-buildroot-linux-musl/7.3.0/../../../../mipsel-buildroot-linux-musl/bin/ld: skipping incompatible /usr/lib/x86_64-linux-gnu/libm.a when searching for -lm
/home/anonymous/Documents/Dev/rs97-toolchain/bin/../lib/gcc/mipsel-buildroot-linux-musl/7.3.0/../../../../mipsel-buildroot-linux-musl/bin/ld: skipping incompatible /usr/lib/x86_64-linux-gnu/libSDL.so when searching for -lSDL
/home/anonymous/Documents/Dev/rs97-toolchain/bin/../lib/gcc/mipsel-buildroot-linux-musl/7.3.0/../../../../mipsel-buildroot-linux-musl/bin/ld: skipping incompatible /usr/lib/x86_64-linux-gnu/libSDL.a when searching for -lSDL
/home/anonymous/Documents/Dev/rs97-toolchain/bin/../lib/gcc/mipsel-buildroot-linux-musl/7.3.0/../../../../mipsel-buildroot-linux-musl/bin/ld: skipping incompatible /usr/lib/x86_64-linux-gnu/libc.so when searching for -lc
/home/anonymous/Documents/Dev/rs97-toolchain/bin/../lib/gcc/mipsel-buildroot-linux-musl/7.3.0/../../../../mipsel-buildroot-linux-musl/bin/ld: skipping incompatible /usr/lib/x86_64-linux-gnu/libc.a when searching for -lc
configure:6070: $? = 0
configure:6070: result: yes
configure:6076: checking for _doprnt
configure:6076: mipsel-linux-gcc -o conftest -g -O2 -I/usr/include/SDL -D_GNU_SOURCE=1 -D_REENTRANT -mips32 -mtune=mips32 -mno-mips16 -mhard-float -fexpensive-optimizations -fomit-frame-pointer -frename-registers   conftest.c -lz -lm  -L/usr/lib/x86_64-linux-gnu -lSDL >&5
mipsel-linux-gcc: WARNING: unsafe header/library path used in cross-compilation: '-I/usr/include/SDL'
mipsel-linux-gcc: WARNING: unsafe header/library path used in cross-compilation: '-L/usr/lib/x86_64-linux-gnu'
/home/anonymous/Documents/Dev/rs97-toolchain/bin/../lib/gcc/mipsel-buildroot-linux-musl/7.3.0/../../../../mipsel-buildroot-linux-musl/bin/ld: warning: library search path "/usr/lib/x86_64-linux-gnu" is unsafe for cross-compilation
/home/anonymous/Documents/Dev/rs97-toolchain/bin/../lib/gcc/mipsel-buildroot-linux-musl/7.3.0/../../../../mipsel-buildroot-linux-musl/bin/ld: skipping incompatible /usr/lib/x86_64-linux-gnu/libz.so when searching for -lz
/home/anonymous/Documents/Dev/rs97-toolchain/bin/../lib/gcc/mipsel-buildroot-linux-musl/7.3.0/../../../../mipsel-buildroot-linux-musl/bin/ld: skipping incompatible /usr/lib/x86_64-linux-gnu/libz.a when searching for -lz
/home/anonymous/Documents/Dev/rs97-toolchain/bin/../lib/gcc/mipsel-buildroot-linux-musl/7.3.0/../../../../mipsel-buildroot-linux-musl/bin/ld: skipping incompatible /usr/lib/x86_64-linux-gnu/libm.so when searching for -lm
/home/anonymous/Documents/Dev/rs97-toolchain/bin/../lib/gcc/mipsel-buildroot-linux-musl/7.3.0/../../../../mipsel-buildroot-linux-musl/bin/ld: skipping incompatible /usr/lib/x86_64-linux-gnu/libm.a when searching for -lm
/home/anonymous/Documents/Dev/rs97-toolchain/bin/../lib/gcc/mipsel-buildroot-linux-musl/7.3.0/../../../../mipsel-buildroot-linux-musl/bin/ld: skipping incompatible /usr/lib/x86_64-linux-gnu/libSDL.so when searching for -lSDL
/home/anonymous/Documents/Dev/rs97-toolchain/bin/../lib/gcc/mipsel-buildroot-linux-musl/7.3.0/../../../../mipsel-buildroot-linux-musl/bin/ld: skipping incompatible /usr/lib/x86_64-linux-gnu/libSDL.a when searching for -lSDL
/home/anonymous/Documents/Dev/rs97-toolchain/bin/../lib/gcc/mipsel-buildroot-linux-musl/7.3.0/../../../../mipsel-buildroot-linux-musl/bin/ld: skipping incompatible /usr/lib/x86_64-linux-gnu/libc.so when searching for -lc
/home/anonymous/Documents/Dev/rs97-toolchain/bin/../lib/gcc/mipsel-buildroot-linux-musl/7.3.0/../../../../mipsel-buildroot-linux-musl/bin/ld: skipping incompatible /usr/lib/x86_64-linux-gnu/libc.a when searching for -lc
/tmp/ccLk8ruO.o: In function `main':
/home/anonymous/Documents/Dev/master.zip.1-copy2/gh_retrogame_emulator-master/gngeo/conftest.c:78: undefined reference to `_doprnt'
/home/anonymous/Documents/Dev/master.zip.1-copy2/gh_retrogame_emulator-master/gngeo/conftest.c:78: undefined reference to `_doprnt'
collect2: error: ld returned 1 exit status
configure:6076: $? = 1
configure: failed program was:
| /* confdefs.h */
| #define PACKAGE_NAME "gngeo"
| #define PACKAGE_TARNAME "gngeo"
| #define PACKAGE_VERSION "0.8"
| #define PACKAGE_STRING "gngeo 0.8"
| #define PACKAGE_BUGREPORT ""
| #define PACKAGE_URL ""
| #define PACKAGE "gngeo"
| #define VERSION "0.8"
| #define DINGUX 1
| #define EMBEDDED_FS 1
| #define HAVE_LIBM 1
| #define HAVE_LIBZ 1
| #define HAVE_GETOPT_LONG 1
| #define HAVE_SCANDIR 1
| #define HAVE_BASENAME 1
| #define HAVE_MMAP 1
| #define USE_GENERATOR68K 1
| #define USE_MAMEZ80 1
| #define STDC_HEADERS 1
| #define HAVE_SYS_TYPES_H 1
| #define HAVE_SYS_STAT_H 1
| #define HAVE_STDLIB_H 1
| #define HAVE_STRING_H 1
| #define HAVE_MEMORY_H 1
| #define HAVE_STRINGS_H 1
| #define HAVE_INTTYPES_H 1
| #define HAVE_STDINT_H 1
| #define HAVE_UNISTD_H 1
| #define USE_GL2 1
| #define HAVE_DIRENT_H 1
| #define STDC_HEADERS 1
| #define HAVE_ERRNO_H 1
| #define HAVE_LIMITS_H 1
| #define HAVE_MALLOC_H 1
| #define HAVE_STDDEF_H 1
| #define HAVE_STDLIB_H 1
| #define HAVE_STRING_H 1
| #define HAVE_SYS_TIME_H 1
| #define HAVE_UNISTD_H 1
| #define TIME_WITH_SYS_TIME 1
| #define HAVE_VPRINTF 1
| /* end confdefs.h.  */
| /* Define _doprnt to an innocuous variant, in case <limits.h> declares _doprnt.
|    For example, HP-UX 11i <limits.h> declares gettimeofday.  */
| #define _doprnt innocuous__doprnt
| 
| /* System header to define __stub macros and hopefully few prototypes,
|     which can conflict with char _doprnt (); below.
|     Prefer <limits.h> to <assert.h> if __STDC__ is defined, since
|     <limits.h> exists even on freestanding compilers.  */
| 
| #ifdef __STDC__
| # include <limits.h>
| #else
| # include <assert.h>
| #endif
| 
| #undef _doprnt
| 
| /* Override any GCC internal prototype to avoid an error.
|    Use char because int might match the return type of a GCC
|    builtin and then its argument prototype would still apply.  */
| #ifdef __cplusplus
| extern "C"
| #endif
| char _doprnt ();
| /* The GNU C library defines this for functions which it implements
|     to always fail with ENOSYS.  Some functions are actually named
|     something starting with __ and the normal name is an alias.  */
| #if defined __stub__doprnt || defined __stub____doprnt
| choke me
| #endif
| 
| int
| main ()
| {
| return _doprnt ();
|   ;
|   return 0;
| }
configure:6076: result: no
configure:6090: checking for atexit
configure:6090: mipsel-linux-gcc -o conftest -g -O2 -I/usr/include/SDL -D_GNU_SOURCE=1 -D_REENTRANT -mips32 -mtune=mips32 -mno-mips16 -mhard-float -fexpensive-optimizations -fomit-frame-pointer -frename-registers   conftest.c -lz -lm  -L/usr/lib/x86_64-linux-gnu -lSDL >&5
mipsel-linux-gcc: WARNING: unsafe header/library path used in cross-compilation: '-I/usr/include/SDL'
mipsel-linux-gcc: WARNING: unsafe header/library path used in cross-compilation: '-L/usr/lib/x86_64-linux-gnu'
/home/anonymous/Documents/Dev/rs97-toolchain/bin/../lib/gcc/mipsel-buildroot-linux-musl/7.3.0/../../../../mipsel-buildroot-linux-musl/bin/ld: warning: library search path "/usr/lib/x86_64-linux-gnu" is unsafe for cross-compilation
/home/anonymous/Documents/Dev/rs97-toolchain/bin/../lib/gcc/mipsel-buildroot-linux-musl/7.3.0/../../../../mipsel-buildroot-linux-musl/bin/ld: skipping incompatible /usr/lib/x86_64-linux-gnu/libz.so when searching for -lz
/home/anonymous/Documents/Dev/rs97-toolchain/bin/../lib/gcc/mipsel-buildroot-linux-musl/7.3.0/../../../../mipsel-buildroot-linux-musl/bin/ld: skipping incompatible /usr/lib/x86_64-linux-gnu/libz.a when searching for -lz
/home/anonymous/Documents/Dev/rs97-toolchain/bin/../lib/gcc/mipsel-buildroot-linux-musl/7.3.0/../../../../mipsel-buildroot-linux-musl/bin/ld: skipping incompatible /usr/lib/x86_64-linux-gnu/libm.so when searching for -lm
/home/anonymous/Documents/Dev/rs97-toolchain/bin/../lib/gcc/mipsel-buildroot-linux-musl/7.3.0/../../../../mipsel-buildroot-linux-musl/bin/ld: skipping incompatible /usr/lib/x86_64-linux-gnu/libm.a when searching for -lm
/home/anonymous/Documents/Dev/rs97-toolchain/bin/../lib/gcc/mipsel-buildroot-linux-musl/7.3.0/../../../../mipsel-buildroot-linux-musl/bin/ld: skipping incompatible /usr/lib/x86_64-linux-gnu/libSDL.so when searching for -lSDL
/home/anonymous/Documents/Dev/rs97-toolchain/bin/../lib/gcc/mipsel-buildroot-linux-musl/7.3.0/../../../../mipsel-buildroot-linux-musl/bin/ld: skipping incompatible /usr/lib/x86_64-linux-gnu/libSDL.a when searching for -lSDL
/home/anonymous/Documents/Dev/rs97-toolchain/bin/../lib/gcc/mipsel-buildroot-linux-musl/7.3.0/../../../../mipsel-buildroot-linux-musl/bin/ld: skipping incompatible /usr/lib/x86_64-linux-gnu/libc.so when searching for -lc
/home/anonymous/Documents/Dev/rs97-toolchain/bin/../lib/gcc/mipsel-buildroot-linux-musl/7.3.0/../../../../mipsel-buildroot-linux-musl/bin/ld: skipping incompatible /usr/lib/x86_64-linux-gnu/libc.a when searching for -lc
configure:6090: $? = 0
configure:6090: result: yes
configure:6090: checking for floor
configure:6090: mipsel-linux-gcc -o conftest -g -O2 -I/usr/include/SDL -D_GNU_SOURCE=1 -D_REENTRANT -mips32 -mtune=mips32 -mno-mips16 -mhard-float -fexpensive-optimizations -fomit-frame-pointer -frename-registers   conftest.c -lz -lm  -L/usr/lib/x86_64-linux-gnu -lSDL >&5
mipsel-linux-gcc: WARNING: unsafe header/library path used in cross-compilation: '-I/usr/include/SDL'
mipsel-linux-gcc: WARNING: unsafe header/library path used in cross-compilation: '-L/usr/lib/x86_64-linux-gnu'
conftest.c:68:6: warning: conflicting types for built-in function 'floor' [-Wbuiltin-declaration-mismatch]
 char floor ();
      ^~~~~
/home/anonymous/Documents/Dev/rs97-toolchain/bin/../lib/gcc/mipsel-buildroot-linux-musl/7.3.0/../../../../mipsel-buildroot-linux-musl/bin/ld: warning: library search path "/usr/lib/x86_64-linux-gnu" is unsafe for cross-compilation
/home/anonymous/Documents/Dev/rs97-toolchain/bin/../lib/gcc/mipsel-buildroot-linux-musl/7.3.0/../../../../mipsel-buildroot-linux-musl/bin/ld: skipping incompatible /usr/lib/x86_64-linux-gnu/libz.so when searching for -lz
/home/anonymous/Documents/Dev/rs97-toolchain/bin/../lib/gcc/mipsel-buildroot-linux-musl/7.3.0/../../../../mipsel-buildroot-linux-musl/bin/ld: skipping incompatible /usr/lib/x86_64-linux-gnu/libz.a when searching for -lz
/home/anonymous/Documents/Dev/rs97-toolchain/bin/../lib/gcc/mipsel-buildroot-linux-musl/7.3.0/../../../../mipsel-buildroot-linux-musl/bin/ld: skipping incompatible /usr/lib/x86_64-linux-gnu/libm.so when searching for -lm
/home/anonymous/Documents/Dev/rs97-toolchain/bin/../lib/gcc/mipsel-buildroot-linux-musl/7.3.0/../../../../mipsel-buildroot-linux-musl/bin/ld: skipping incompatible /usr/lib/x86_64-linux-gnu/libm.a when searching for -lm
/home/anonymous/Documents/Dev/rs97-toolchain/bin/../lib/gcc/mipsel-buildroot-linux-musl/7.3.0/../../../../mipsel-buildroot-linux-musl/bin/ld: skipping incompatible /usr/lib/x86_64-linux-gnu/libSDL.so when searching for -lSDL
/home/anonymous/Documents/Dev/rs97-toolchain/bin/../lib/gcc/mipsel-buildroot-linux-musl/7.3.0/../../../../mipsel-buildroot-linux-musl/bin/ld: skipping incompatible /usr/lib/x86_64-linux-gnu/libSDL.a when searching for -lSDL
/home/anonymous/Documents/Dev/rs97-toolchain/bin/../lib/gcc/mipsel-buildroot-linux-musl/7.3.0/../../../../mipsel-buildroot-linux-musl/bin/ld: skipping incompatible /usr/lib/x86_64-linux-gnu/libc.so when searching for -lc
/home/anonymous/Documents/Dev/rs97-toolchain/bin/../lib/gcc/mipsel-buildroot-linux-musl/7.3.0/../../../../mipsel-buildroot-linux-musl/bin/ld: skipping incompatible /usr/lib/x86_64-linux-gnu/libc.a when searching for -lc
configure:6090: $? = 0
configure:6090: result: yes
configure:6090: checking for gettimeofday
configure:6090: mipsel-linux-gcc -o conftest -g -O2 -I/usr/include/SDL -D_GNU_SOURCE=1 -D_REENTRANT -mips32 -mtune=mips32 -mno-mips16 -mhard-float -fexpensive-optimizations -fomit-frame-pointer -frename-registers   conftest.c -lz -lm  -L/usr/lib/x86_64-linux-gnu -lSDL >&5
mipsel-linux-gcc: WARNING: unsafe header/library path used in cross-compilation: '-I/usr/include/SDL'
mipsel-linux-gcc: WARNING: unsafe header/library path used in cross-compilation: '-L/usr/lib/x86_64-linux-gnu'
/home/anonymous/Documents/Dev/rs97-toolchain/bin/../lib/gcc/mipsel-buildroot-linux-musl/7.3.0/../../../../mipsel-buildroot-linux-musl/bin/ld: warning: library search path "/usr/lib/x86_64-linux-gnu" is unsafe for cross-compilation
/home/anonymous/Documents/Dev/rs97-toolchain/bin/../lib/gcc/mipsel-buildroot-linux-musl/7.3.0/../../../../mipsel-buildroot-linux-musl/bin/ld: skipping incompatible /usr/lib/x86_64-linux-gnu/libz.so when searching for -lz
/home/anonymous/Documents/Dev/rs97-toolchain/bin/../lib/gcc/mipsel-buildroot-linux-musl/7.3.0/../../../../mipsel-buildroot-linux-musl/bin/ld: skipping incompatible /usr/lib/x86_64-linux-gnu/libz.a when searching for -lz
/home/anonymous/Documents/Dev/rs97-toolchain/bin/../lib/gcc/mipsel-buildroot-linux-musl/7.3.0/../../../../mipsel-buildroot-linux-musl/bin/ld: skipping incompatible /usr/lib/x86_64-linux-gnu/libm.so when searching for -lm
/home/anonymous/Documents/Dev/rs97-toolchain/bin/../lib/gcc/mipsel-buildroot-linux-musl/7.3.0/../../../../mipsel-buildroot-linux-musl/bin/ld: skipping incompatible /usr/lib/x86_64-linux-gnu/libm.a when searching for -lm
/home/anonymous/Documents/Dev/rs97-toolchain/bin/../lib/gcc/mipsel-buildroot-linux-musl/7.3.0/../../../../mipsel-buildroot-linux-musl/bin/ld: skipping incompatible /usr/lib/x86_64-linux-gnu/libSDL.so when searching for -lSDL
/home/anonymous/Documents/Dev/rs97-toolchain/bin/../lib/gcc/mipsel-buildroot-linux-musl/7.3.0/../../../../mipsel-buildroot-linux-musl/bin/ld: skipping incompatible /usr/lib/x86_64-linux-gnu/libSDL.a when searching for -lSDL
/home/anonymous/Documents/Dev/rs97-toolchain/bin/../lib/gcc/mipsel-buildroot-linux-musl/7.3.0/../../../../mipsel-buildroot-linux-musl/bin/ld: skipping incompatible /usr/lib/x86_64-linux-gnu/libc.so when searching for -lc
/home/anonymous/Documents/Dev/rs97-toolchain/bin/../lib/gcc/mipsel-buildroot-linux-musl/7.3.0/../../../../mipsel-buildroot-linux-musl/bin/ld: skipping incompatible /usr/lib/x86_64-linux-gnu/libc.a when searching for -lc
configure:6090: $? = 0
configure:6090: result: yes
configure:6090: checking for memset
configure:6090: mipsel-linux-gcc -o conftest -g -O2 -I/usr/include/SDL -D_GNU_SOURCE=1 -D_REENTRANT -mips32 -mtune=mips32 -mno-mips16 -mhard-float -fexpensive-optimizations -fomit-frame-pointer -frename-registers   conftest.c -lz -lm  -L/usr/lib/x86_64-linux-gnu -lSDL >&5
mipsel-linux-gcc: WARNING: unsafe header/library path used in cross-compilation: '-I/usr/include/SDL'
mipsel-linux-gcc: WARNING: unsafe header/library path used in cross-compilation: '-L/usr/lib/x86_64-linux-gnu'
conftest.c:70:6: warning: conflicting types for built-in function 'memset' [-Wbuiltin-declaration-mismatch]
 char memset ();
      ^~~~~~
/home/anonymous/Documents/Dev/rs97-toolchain/bin/../lib/gcc/mipsel-buildroot-linux-musl/7.3.0/../../../../mipsel-buildroot-linux-musl/bin/ld: warning: library search path "/usr/lib/x86_64-linux-gnu" is unsafe for cross-compilation
/home/anonymous/Documents/Dev/rs97-toolchain/bin/../lib/gcc/mipsel-buildroot-linux-musl/7.3.0/../../../../mipsel-buildroot-linux-musl/bin/ld: skipping incompatible /usr/lib/x86_64-linux-gnu/libz.so when searching for -lz
/home/anonymous/Documents/Dev/rs97-toolchain/bin/../lib/gcc/mipsel-buildroot-linux-musl/7.3.0/../../../../mipsel-buildroot-linux-musl/bin/ld: skipping incompatible /usr/lib/x86_64-linux-gnu/libz.a when searching for -lz
/home/anonymous/Documents/Dev/rs97-toolchain/bin/../lib/gcc/mipsel-buildroot-linux-musl/7.3.0/../../../../mipsel-buildroot-linux-musl/bin/ld: skipping incompatible /usr/lib/x86_64-linux-gnu/libm.so when searching for -lm
/home/anonymous/Documents/Dev/rs97-toolchain/bin/../lib/gcc/mipsel-buildroot-linux-musl/7.3.0/../../../../mipsel-buildroot-linux-musl/bin/ld: skipping incompatible /usr/lib/x86_64-linux-gnu/libm.a when searching for -lm
/home/anonymous/Documents/Dev/rs97-toolchain/bin/../lib/gcc/mipsel-buildroot-linux-musl/7.3.0/../../../../mipsel-buildroot-linux-musl/bin/ld: skipping incompatible /usr/lib/x86_64-linux-gnu/libSDL.so when searching for -lSDL
/home/anonymous/Documents/Dev/rs97-toolchain/bin/../lib/gcc/mipsel-buildroot-linux-musl/7.3.0/../../../../mipsel-buildroot-linux-musl/bin/ld: skipping incompatible /usr/lib/x86_64-linux-gnu/libSDL.a when searching for -lSDL
/home/anonymous/Documents/Dev/rs97-toolchain/bin/../lib/gcc/mipsel-buildroot-linux-musl/7.3.0/../../../../mipsel-buildroot-linux-musl/bin/ld: skipping incompatible /usr/lib/x86_64-linux-gnu/libc.so when searching for -lc
/home/anonymous/Documents/Dev/rs97-toolchain/bin/../lib/gcc/mipsel-buildroot-linux-musl/7.3.0/../../../../mipsel-buildroot-linux-musl/bin/ld: skipping incompatible /usr/lib/x86_64-linux-gnu/libc.a when searching for -lc
configure:6090: $? = 0
configure:6090: result: yes
configure:6090: checking for mkdir
configure:6090: mipsel-linux-gcc -o conftest -g -O2 -I/usr/include/SDL -D_GNU_SOURCE=1 -D_REENTRANT -mips32 -mtune=mips32 -mno-mips16 -mhard-float -fexpensive-optimizations -fomit-frame-pointer -frename-registers   conftest.c -lz -lm  -L/usr/lib/x86_64-linux-gnu -lSDL >&5
mipsel-linux-gcc: WARNING: unsafe header/library path used in cross-compilation: '-I/usr/include/SDL'
mipsel-linux-gcc: WARNING: unsafe header/library path used in cross-compilation: '-L/usr/lib/x86_64-linux-gnu'
/home/anonymous/Documents/Dev/rs97-toolchain/bin/../lib/gcc/mipsel-buildroot-linux-musl/7.3.0/../../../../mipsel-buildroot-linux-musl/bin/ld: warning: library search path "/usr/lib/x86_64-linux-gnu" is unsafe for cross-compilation
/home/anonymous/Documents/Dev/rs97-toolchain/bin/../lib/gcc/mipsel-buildroot-linux-musl/7.3.0/../../../../mipsel-buildroot-linux-musl/bin/ld: skipping incompatible /usr/lib/x86_64-linux-gnu/libz.so when searching for -lz
/home/anonymous/Documents/Dev/rs97-toolchain/bin/../lib/gcc/mipsel-buildroot-linux-musl/7.3.0/../../../../mipsel-buildroot-linux-musl/bin/ld: skipping incompatible /usr/lib/x86_64-linux-gnu/libz.a when searching for -lz
/home/anonymous/Documents/Dev/rs97-toolchain/bin/../lib/gcc/mipsel-buildroot-linux-musl/7.3.0/../../../../mipsel-buildroot-linux-musl/bin/ld: skipping incompatible /usr/lib/x86_64-linux-gnu/libm.so when searching for -lm
/home/anonymous/Documents/Dev/rs97-toolchain/bin/../lib/gcc/mipsel-buildroot-linux-musl/7.3.0/../../../../mipsel-buildroot-linux-musl/bin/ld: skipping incompatible /usr/lib/x86_64-linux-gnu/libm.a when searching for -lm
/home/anonymous/Documents/Dev/rs97-toolchain/bin/../lib/gcc/mipsel-buildroot-linux-musl/7.3.0/../../../../mipsel-buildroot-linux-musl/bin/ld: skipping incompatible /usr/lib/x86_64-linux-gnu/libSDL.so when searching for -lSDL
/home/anonymous/Documents/Dev/rs97-toolchain/bin/../lib/gcc/mipsel-buildroot-linux-musl/7.3.0/../../../../mipsel-buildroot-linux-musl/bin/ld: skipping incompatible /usr/lib/x86_64-linux-gnu/libSDL.a when searching for -lSDL
/home/anonymous/Documents/Dev/rs97-toolchain/bin/../lib/gcc/mipsel-buildroot-linux-musl/7.3.0/../../../../mipsel-buildroot-linux-musl/bin/ld: skipping incompatible /usr/lib/x86_64-linux-gnu/libc.so when searching for -lc
/home/anonymous/Documents/Dev/rs97-toolchain/bin/../lib/gcc/mipsel-buildroot-linux-musl/7.3.0/../../../../mipsel-buildroot-linux-musl/bin/ld: skipping incompatible /usr/lib/x86_64-linux-gnu/libc.a when searching for -lc
configure:6090: $? = 0
configure:6090: result: yes
configure:6090: checking for pow
configure:6090: mipsel-linux-gcc -o conftest -g -O2 -I/usr/include/SDL -D_GNU_SOURCE=1 -D_REENTRANT -mips32 -mtune=mips32 -mno-mips16 -mhard-float -fexpensive-optimizations -fomit-frame-pointer -frename-registers   conftest.c -lz -lm  -L/usr/lib/x86_64-linux-gnu -lSDL >&5
mipsel-linux-gcc: WARNING: unsafe header/library path used in cross-compilation: '-I/usr/include/SDL'
mipsel-linux-gcc: WARNING: unsafe header/library path used in cross-compilation: '-L/usr/lib/x86_64-linux-gnu'
conftest.c:72:6: warning: conflicting types for built-in function 'pow' [-Wbuiltin-declaration-mismatch]
 char pow ();
      ^~~
/home/anonymous/Documents/Dev/rs97-toolchain/bin/../lib/gcc/mipsel-buildroot-linux-musl/7.3.0/../../../../mipsel-buildroot-linux-musl/bin/ld: warning: library search path "/usr/lib/x86_64-linux-gnu" is unsafe for cross-compilation
/home/anonymous/Documents/Dev/rs97-toolchain/bin/../lib/gcc/mipsel-buildroot-linux-musl/7.3.0/../../../../mipsel-buildroot-linux-musl/bin/ld: skipping incompatible /usr/lib/x86_64-linux-gnu/libz.so when searching for -lz
/home/anonymous/Documents/Dev/rs97-toolchain/bin/../lib/gcc/mipsel-buildroot-linux-musl/7.3.0/../../../../mipsel-buildroot-linux-musl/bin/ld: skipping incompatible /usr/lib/x86_64-linux-gnu/libz.a when searching for -lz
/home/anonymous/Documents/Dev/rs97-toolchain/bin/../lib/gcc/mipsel-buildroot-linux-musl/7.3.0/../../../../mipsel-buildroot-linux-musl/bin/ld: skipping incompatible /usr/lib/x86_64-linux-gnu/libm.so when searching for -lm
/home/anonymous/Documents/Dev/rs97-toolchain/bin/../lib/gcc/mipsel-buildroot-linux-musl/7.3.0/../../../../mipsel-buildroot-linux-musl/bin/ld: skipping incompatible /usr/lib/x86_64-linux-gnu/libm.a when searching for -lm
/home/anonymous/Documents/Dev/rs97-toolchain/bin/../lib/gcc/mipsel-buildroot-linux-musl/7.3.0/../../../../mipsel-buildroot-linux-musl/bin/ld: skipping incompatible /usr/lib/x86_64-linux-gnu/libSDL.so when searching for -lSDL
/home/anonymous/Documents/Dev/rs97-toolchain/bin/../lib/gcc/mipsel-buildroot-linux-musl/7.3.0/../../../../mipsel-buildroot-linux-musl/bin/ld: skipping incompatible /usr/lib/x86_64-linux-gnu/libSDL.a when searching for -lSDL
/home/anonymous/Documents/Dev/rs97-toolchain/bin/../lib/gcc/mipsel-buildroot-linux-musl/7.3.0/../../../../mipsel-buildroot-linux-musl/bin/ld: skipping incompatible /usr/lib/x86_64-linux-gnu/libc.so when searching for -lc
/home/anonymous/Documents/Dev/rs97-toolchain/bin/../lib/gcc/mipsel-buildroot-linux-musl/7.3.0/../../../../mipsel-buildroot-linux-musl/bin/ld: skipping incompatible /usr/lib/x86_64-linux-gnu/libc.a when searching for -lc
configure:6090: $? = 0
configure:6090: result: yes
configure:6090: checking for strchr
configure:6090: mipsel-linux-gcc -o conftest -g -O2 -I/usr/include/SDL -D_GNU_SOURCE=1 -D_REENTRANT -mips32 -mtune=mips32 -mno-mips16 -mhard-float -fexpensive-optimizations -fomit-frame-pointer -frename-registers   conftest.c -lz -lm  -L/usr/lib/x86_64-linux-gnu -lSDL >&5
mipsel-linux-gcc: WARNING: unsafe header/library path used in cross-compilation: '-I/usr/include/SDL'
mipsel-linux-gcc: WARNING: unsafe header/library path used in cross-compilation: '-L/usr/lib/x86_64-linux-gnu'
conftest.c:73:6: warning: conflicting types for built-in function 'strchr' [-Wbuiltin-declaration-mismatch]
 char strchr ();
      ^~~~~~
/home/anonymous/Documents/Dev/rs97-toolchain/bin/../lib/gcc/mipsel-buildroot-linux-musl/7.3.0/../../../../mipsel-buildroot-linux-musl/bin/ld: warning: library search path "/usr/lib/x86_64-linux-gnu" is unsafe for cross-compilation
/home/anonymous/Documents/Dev/rs97-toolchain/bin/../lib/gcc/mipsel-buildroot-linux-musl/7.3.0/../../../../mipsel-buildroot-linux-musl/bin/ld: skipping incompatible /usr/lib/x86_64-linux-gnu/libz.so when searching for -lz
/home/anonymous/Documents/Dev/rs97-toolchain/bin/../lib/gcc/mipsel-buildroot-linux-musl/7.3.0/../../../../mipsel-buildroot-linux-musl/bin/ld: skipping incompatible /usr/lib/x86_64-linux-gnu/libz.a when searching for -lz
/home/anonymous/Documents/Dev/rs97-toolchain/bin/../lib/gcc/mipsel-buildroot-linux-musl/7.3.0/../../../../mipsel-buildroot-linux-musl/bin/ld: skipping incompatible /usr/lib/x86_64-linux-gnu/libm.so when searching for -lm
/home/anonymous/Documents/Dev/rs97-toolchain/bin/../lib/gcc/mipsel-buildroot-linux-musl/7.3.0/../../../../mipsel-buildroot-linux-musl/bin/ld: skipping incompatible /usr/lib/x86_64-linux-gnu/libm.a when searching for -lm
/home/anonymous/Documents/Dev/rs97-toolchain/bin/../lib/gcc/mipsel-buildroot-linux-musl/7.3.0/../../../../mipsel-buildroot-linux-musl/bin/ld: skipping incompatible /usr/lib/x86_64-linux-gnu/libSDL.so when searching for -lSDL
/home/anonymous/Documents/Dev/rs97-toolchain/bin/../lib/gcc/mipsel-buildroot-linux-musl/7.3.0/../../../../mipsel-buildroot-linux-musl/bin/ld: skipping incompatible /usr/lib/x86_64-linux-gnu/libSDL.a when searching for -lSDL
/home/anonymous/Documents/Dev/rs97-toolchain/bin/../lib/gcc/mipsel-buildroot-linux-musl/7.3.0/../../../../mipsel-buildroot-linux-musl/bin/ld: skipping incompatible /usr/lib/x86_64-linux-gnu/libc.so when searching for -lc
/home/anonymous/Documents/Dev/rs97-toolchain/bin/../lib/gcc/mipsel-buildroot-linux-musl/7.3.0/../../../../mipsel-buildroot-linux-musl/bin/ld: skipping incompatible /usr/lib/x86_64-linux-gnu/libc.a when searching for -lc
configure:6090: $? = 0
configure:6090: result: yes
configure:6090: checking for strstr
configure:6090: mipsel-linux-gcc -o conftest -g -O2 -I/usr/include/SDL -D_GNU_SOURCE=1 -D_REENTRANT -mips32 -mtune=mips32 -mno-mips16 -mhard-float -fexpensive-optimizations -fomit-frame-pointer -frename-registers   conftest.c -lz -lm  -L/usr/lib/x86_64-linux-gnu -lSDL >&5
mipsel-linux-gcc: WARNING: unsafe header/library path used in cross-compilation: '-I/usr/include/SDL'
mipsel-linux-gcc: WARNING: unsafe header/library path used in cross-compilation: '-L/usr/lib/x86_64-linux-gnu'
conftest.c:74:6: warning: conflicting types for built-in function 'strstr' [-Wbuiltin-declaration-mismatch]
 char strstr ();
      ^~~~~~
/home/anonymous/Documents/Dev/rs97-toolchain/bin/../lib/gcc/mipsel-buildroot-linux-musl/7.3.0/../../../../mipsel-buildroot-linux-musl/bin/ld: warning: library search path "/usr/lib/x86_64-linux-gnu" is unsafe for cross-compilation
/home/anonymous/Documents/Dev/rs97-toolchain/bin/../lib/gcc/mipsel-buildroot-linux-musl/7.3.0/../../../../mipsel-buildroot-linux-musl/bin/ld: skipping incompatible /usr/lib/x86_64-linux-gnu/libz.so when searching for -lz
/home/anonymous/Documents/Dev/rs97-toolchain/bin/../lib/gcc/mipsel-buildroot-linux-musl/7.3.0/../../../../mipsel-buildroot-linux-musl/bin/ld: skipping incompatible /usr/lib/x86_64-linux-gnu/libz.a when searching for -lz
/home/anonymous/Documents/Dev/rs97-toolchain/bin/../lib/gcc/mipsel-buildroot-linux-musl/7.3.0/../../../../mipsel-buildroot-linux-musl/bin/ld: skipping incompatible /usr/lib/x86_64-linux-gnu/libm.so when searching for -lm
/home/anonymous/Documents/Dev/rs97-toolchain/bin/../lib/gcc/mipsel-buildroot-linux-musl/7.3.0/../../../../mipsel-buildroot-linux-musl/bin/ld: skipping incompatible /usr/lib/x86_64-linux-gnu/libm.a when searching for -lm
/home/anonymous/Documents/Dev/rs97-toolchain/bin/../lib/gcc/mipsel-buildroot-linux-musl/7.3.0/../../../../mipsel-buildroot-linux-musl/bin/ld: skipping incompatible /usr/lib/x86_64-linux-gnu/libSDL.so when searching for -lSDL
/home/anonymous/Documents/Dev/rs97-toolchain/bin/../lib/gcc/mipsel-buildroot-linux-musl/7.3.0/../../../../mipsel-buildroot-linux-musl/bin/ld: skipping incompatible /usr/lib/x86_64-linux-gnu/libSDL.a when searching for -lSDL
/home/anonymous/Documents/Dev/rs97-toolchain/bin/../lib/gcc/mipsel-buildroot-linux-musl/7.3.0/../../../../mipsel-buildroot-linux-musl/bin/ld: skipping incompatible /usr/lib/x86_64-linux-gnu/libc.so when searching for -lc
/home/anonymous/Documents/Dev/rs97-toolchain/bin/../lib/gcc/mipsel-buildroot-linux-musl/7.3.0/../../../../mipsel-buildroot-linux-musl/bin/ld: skipping incompatible /usr/lib/x86_64-linux-gnu/libc.a when searching for -lc
configure:6090: $? = 0
configure:6090: result: yes
configure:6090: checking for strtoul
configure:6090: mipsel-linux-gcc -o conftest -g -O2 -I/usr/include/SDL -D_GNU_SOURCE=1 -D_REENTRANT -mips32 -mtune=mips32 -mno-mips16 -mhard-float -fexpensive-optimizations -fomit-frame-pointer -frename-registers   conftest.c -lz -lm  -L/usr/lib/x86_64-linux-gnu -lSDL >&5
mipsel-linux-gcc: WARNING: unsafe header/library path used in cross-compilation: '-I/usr/include/SDL'
mipsel-linux-gcc: WARNING: unsafe header/library path used in cross-compilation: '-L/usr/lib/x86_64-linux-gnu'
/home/anonymous/Documents/Dev/rs97-toolchain/bin/../lib/gcc/mipsel-buildroot-linux-musl/7.3.0/../../../../mipsel-buildroot-linux-musl/bin/ld: warning: library search path "/usr/lib/x86_64-linux-gnu" is unsafe for cross-compilation
/home/anonymous/Documents/Dev/rs97-toolchain/bin/../lib/gcc/mipsel-buildroot-linux-musl/7.3.0/../../../../mipsel-buildroot-linux-musl/bin/ld: skipping incompatible /usr/lib/x86_64-linux-gnu/libz.so when searching for -lz
/home/anonymous/Documents/Dev/rs97-toolchain/bin/../lib/gcc/mipsel-buildroot-linux-musl/7.3.0/../../../../mipsel-buildroot-linux-musl/bin/ld: skipping incompatible /usr/lib/x86_64-linux-gnu/libz.a when searching for -lz
/home/anonymous/Documents/Dev/rs97-toolchain/bin/../lib/gcc/mipsel-buildroot-linux-musl/7.3.0/../../../../mipsel-buildroot-linux-musl/bin/ld: skipping incompatible /usr/lib/x86_64-linux-gnu/libm.so when searching for -lm
/home/anonymous/Documents/Dev/rs97-toolchain/bin/../lib/gcc/mipsel-buildroot-linux-musl/7.3.0/../../../../mipsel-buildroot-linux-musl/bin/ld: skipping incompatible /usr/lib/x86_64-linux-gnu/libm.a when searching for -lm
/home/anonymous/Documents/Dev/rs97-toolchain/bin/../lib/gcc/mipsel-buildroot-linux-musl/7.3.0/../../../../mipsel-buildroot-linux-musl/bin/ld: skipping incompatible /usr/lib/x86_64-linux-gnu/libSDL.so when searching for -lSDL
/home/anonymous/Documents/Dev/rs97-toolchain/bin/../lib/gcc/mipsel-buildroot-linux-musl/7.3.0/../../../../mipsel-buildroot-linux-musl/bin/ld: skipping incompatible /usr/lib/x86_64-linux-gnu/libSDL.a when searching for -lSDL
/home/anonymous/Documents/Dev/rs97-toolchain/bin/../lib/gcc/mipsel-buildroot-linux-musl/7.3.0/../../../../mipsel-buildroot-linux-musl/bin/ld: skipping incompatible /usr/lib/x86_64-linux-gnu/libc.so when searching for -lc
/home/anonymous/Documents/Dev/rs97-toolchain/bin/../lib/gcc/mipsel-buildroot-linux-musl/7.3.0/../../../../mipsel-buildroot-linux-musl/bin/ld: skipping incompatible /usr/lib/x86_64-linux-gnu/libc.a when searching for -lc
configure:6090: $? = 0
configure:6090: result: yes
configure:6153: result: Processor type unknown - Use generic optimisations
configure:6357: creating ./config.status

## ---------------- ##
## Cache variables. ##
## ---------------- ##

ac_cv_build=x86_64-unknown-linux-gnu
ac_cv_c_bigendian=no
ac_cv_c_compiler_gnu=yes
ac_cv_c_const=yes
ac_cv_c_inline=inline
ac_cv_env_CCASFLAGS_set=
ac_cv_env_CCASFLAGS_value=
ac_cv_env_CCAS_set=
ac_cv_env_CCAS_value=
ac_cv_env_CC_set=
ac_cv_env_CC_value=
ac_cv_env_CFLAGS_set=
ac_cv_env_CFLAGS_value=
ac_cv_env_CPPFLAGS_set=
ac_cv_env_CPPFLAGS_value=
ac_cv_env_CPP_set=
ac_cv_env_CPP_value=
ac_cv_env_LDFLAGS_set=
ac_cv_env_LDFLAGS_value=
ac_cv_env_LIBS_set=
ac_cv_env_LIBS_value=
ac_cv_env_build_alias_set=
ac_cv_env_build_alias_value=
ac_cv_env_host_alias_set=set
ac_cv_env_host_alias_value=mipsel-linux
ac_cv_env_target_alias_set=
ac_cv_env_target_alias_value=
ac_cv_func__doprnt=no
ac_cv_func_atexit=yes
ac_cv_func_basename=yes
ac_cv_func_floor=yes
ac_cv_func_getopt_long=yes
ac_cv_func_gettimeofday=yes
ac_cv_func_memset=yes
ac_cv_func_mkdir=yes
ac_cv_func_mmap=yes
ac_cv_func_pow=yes
ac_cv_func_scandir=yes
ac_cv_func_strchr=yes
ac_cv_func_strstr=yes
ac_cv_func_strtoul=yes
ac_cv_func_vprintf=yes
ac_cv_header_GL_gl_h=no
ac_cv_header_dirent_dirent_h=yes
ac_cv_header_errno_h=yes
ac_cv_header_inttypes_h=yes
ac_cv_header_limits_h=yes
ac_cv_header_malloc_h=yes
ac_cv_header_memory_h=yes
ac_cv_header_stdc=yes
ac_cv_header_stddef_h=yes
ac_cv_header_stdint_h=yes
ac_cv_header_stdlib_h=yes
ac_cv_header_string_h=yes
ac_cv_header_strings_h=yes
ac_cv_header_sys_stat_h=yes
ac_cv_header_sys_time_h=yes
ac_cv_header_sys_types_h=yes
ac_cv_header_time=yes
ac_cv_header_unistd_h=yes
ac_cv_host=mipsel-unknown-linux-gnu
ac_cv_lib_m_acos=yes
ac_cv_lib_z_inflate=yes
ac_cv_objext=o
ac_cv_path_EGREP='/bin/grep -E'
ac_cv_path_GREP=/bin/grep
ac_cv_path_SDL_CONFIG=/usr/bin/sdl-config
ac_cv_path_install='/usr/bin/install -c'
ac_cv_path_mkdir=/bin/mkdir
ac_cv_prog_AWK=gawk
ac_cv_prog_CC=mipsel-linux-gcc
ac_cv_prog_CPP='mipsel-linux-gcc -E'
ac_cv_prog_RANLIB=mipsel-linux-ranlib
ac_cv_prog_STRIP=mipsel-linux-strip
ac_cv_prog_cc_c89=
ac_cv_prog_cc_g=yes
ac_cv_prog_make_make_set=yes
ac_cv_search_opendir='none required'
ac_cv_struct_tm=time.h
ac_cv_target=mipsel-unknown-linux-gnu
am_cv_CCAS_dependencies_compiler_type=gcc3
am_cv_CC_dependencies_compiler_type=gcc3
am_cv_make_support_nested_variables=yes

## ----------------- ##
## Output variables. ##
## ----------------- ##

ACLOCAL='${SHELL} /home/anonymous/Documents/Dev/master.zip.1-copy2/gh_retrogame_emulator-master/gngeo/missing --run aclocal-1.11'
AMDEPBACKSLASH='\'
AMDEP_FALSE='#'
AMDEP_TRUE=''
AMTAR='$${TAR-tar}'
AM_BACKSLASH='\'
AM_DEFAULT_V='$(AM_DEFAULT_VERBOSITY)'
AM_DEFAULT_VERBOSITY='1'
AM_V='$(V)'
AUTOCONF='${SHELL} /home/anonymous/Documents/Dev/master.zip.1-copy2/gh_retrogame_emulator-master/gngeo/missing --run autoconf'
AUTOHEADER='${SHELL} /home/anonymous/Documents/Dev/master.zip.1-copy2/gh_retrogame_emulator-master/gngeo/missing --run autoheader'
AUTOMAKE='${SHELL} /home/anonymous/Documents/Dev/master.zip.1-copy2/gh_retrogame_emulator-master/gngeo/missing --run automake-1.11'
AWK='gawk'
CC='mipsel-linux-gcc'
CCAS='mipsel-linux-gcc'
CCASDEPMODE='depmode=gcc3'
CCASFLAGS='-g -O2'
CCDEPMODE='depmode=gcc3'
CC_FOR_BUILD='gcc'
CFLAGS='-g -O2 -I/usr/include/SDL -D_GNU_SOURCE=1 -D_REENTRANT -mips32 -mtune=mips32 -mno-mips16 -mhard-float -fexpensive-optimizations -fomit-frame-pointer -frename-registers -O3 -Wall -Wno-unused -funroll-loops                     -ffast-math -g'
CPP='mipsel-linux-gcc -E'
CPPFLAGS=''
CYGPATH_W='echo'
DEFS='-DHAVE_CONFIG_H'
DEPDIR='.deps'
ECHO_C=''
ECHO_N='-n'
ECHO_T=''
EGREP='/bin/grep -E'
EXEEXT=''
GREP='/bin/grep'
HAVE_NASM_FALSE=''
HAVE_NASM_TRUE='#'
INSTALL_DATA='${INSTALL} -m 644'
INSTALL_PROGRAM='${INSTALL}'
INSTALL_SCRIPT='${INSTALL}'
INSTALL_STRIP_PROGRAM='$(install_sh) -c -s'
LDFLAGS=''
LIBOBJS=''
LIBS='-lz -lm  -L/usr/lib/x86_64-linux-gnu -lSDL'
LTLIBOBJS=''
MAKEINFO='${SHELL} /home/anonymous/Documents/Dev/master.zip.1-copy2/gh_retrogame_emulator-master/gngeo/missing --run makeinfo'
MKDIR_P='/bin/mkdir -p'
OBJEXT='o'
PACKAGE='gngeo'
PACKAGE_BUGREPORT=''
PACKAGE_NAME='gngeo'
PACKAGE_STRING='gngeo 0.8'
PACKAGE_TARNAME='gngeo'
PACKAGE_URL=''
PACKAGE_VERSION='0.8'
PATH_SEPARATOR=':'
PROCESSOR_ARM_FALSE=''
PROCESSOR_ARM_TRUE='#'
RANLIB='mipsel-linux-ranlib'
SDL_CFLAGS='-I/usr/include/SDL -D_GNU_SOURCE=1 -D_REENTRANT'
SDL_CONFIG='/usr/bin/sdl-config'
SDL_LIBS='-L/usr/lib/x86_64-linux-gnu -lSDL'
SET_MAKE=''
SHELL='/bin/bash'
STRIP='mipsel-linux-strip'
USE_CYCLONE_FALSE=''
USE_CYCLONE_TRUE='#'
USE_DRZ80_FALSE=''
USE_DRZ80_TRUE='#'
USE_GENERATOR68K_FALSE='#'
USE_GENERATOR68K_TRUE=''
USE_GP2X_FALSE=''
USE_GP2X_TRUE='#'
USE_GUI_FALSE=''
USE_GUI_TRUE='#'
USE_MAMEZ80_FALSE='#'
USE_MAMEZ80_TRUE=''
USE_RAZE_FALSE=''
USE_RAZE_TRUE='#'
USE_STARSCREAM_FALSE=''
USE_STARSCREAM_TRUE='#'
USE_WIZ_FALSE=''
USE_WIZ_TRUE='#'
VERSION='0.8'
ac_ct_CC=''
am__EXEEXT_FALSE=''
am__EXEEXT_TRUE='#'
am__fastdepCCAS_FALSE='#'
am__fastdepCCAS_TRUE=''
am__fastdepCC_FALSE='#'
am__fastdepCC_TRUE=''
am__include='include'
am__isrc=''
am__leading_dot='.'
am__nodep='_no'
am__quote=''
am__tar='$${TAR-tar} chof - "$$tardir"'
am__untar='$${TAR-tar} xf -'
bindir='${exec_prefix}/bin'
build='x86_64-unknown-linux-gnu'
build_alias=''
build_cpu='x86_64'
build_os='linux-gnu'
build_vendor='unknown'
datadir='${datarootdir}'
datarootdir='${prefix}/share'
docdir='${datarootdir}/doc/${PACKAGE_TARNAME}'
dvidir='${docdir}'
exec_prefix='${prefix}'
have_nasm=''
host='mipsel-unknown-linux-gnu'
host_alias='mipsel-linux'
host_cpu='mipsel'
host_os='linux-gnu'
host_vendor='unknown'
htmldir='${docdir}'
includedir='${prefix}/include'
infodir='${datarootdir}/info'
install_sh='${SHELL} /home/anonymous/Documents/Dev/master.zip.1-copy2/gh_retrogame_emulator-master/gngeo/install-sh'
libdir='${exec_prefix}/lib'
libexecdir='${exec_prefix}/libexec'
localedir='${datarootdir}/locale'
localstatedir='${prefix}/var'
mandir='${datarootdir}/man'
mkdir_p='/bin/mkdir -p'
oldincludedir='/usr/include'
pdfdir='${docdir}'
prefix='/usr/local'
program_transform_name='s,x,x,'
psdir='${docdir}'
sbindir='${exec_prefix}/sbin'
sharedstatedir='${prefix}/com'
sysconfdir='${prefix}/etc'
target='mipsel-unknown-linux-gnu'
target_alias=''
target_cpu='mipsel'
target_os='linux-gnu'
target_vendor='unknown'

## ----------- ##
## confdefs.h. ##
## ----------- ##

/* confdefs.h */
#define PACKAGE_NAME "gngeo"
#define PACKAGE_TARNAME "gngeo"
#define PACKAGE_VERSION "0.8"
#define PACKAGE_STRING "gngeo 0.8"
#define PACKAGE_BUGREPORT ""
#define PACKAGE_URL ""
#define PACKAGE "gngeo"
#define VERSION "0.8"
#define DINGUX 1
#define EMBEDDED_FS 1
#define HAVE_LIBM 1
#define HAVE_LIBZ 1
#define HAVE_GETOPT_LONG 1
#define HAVE_SCANDIR 1
#define HAVE_BASENAME 1
#define HAVE_MMAP 1
#define USE_GENERATOR68K 1
#define USE_MAMEZ80 1
#define STDC_HEADERS 1
#define HAVE_SYS_TYPES_H 1
#define HAVE_SYS_STAT_H 1
#define HAVE_STDLIB_H 1
#define HAVE_STRING_H 1
#define HAVE_MEMORY_H 1
#define HAVE_STRINGS_H 1
#define HAVE_INTTYPES_H 1
#define HAVE_STDINT_H 1
#define HAVE_UNISTD_H 1
#define USE_GL2 1
#define HAVE_DIRENT_H 1
#define STDC_HEADERS 1
#define HAVE_ERRNO_H 1
#define HAVE_LIMITS_H 1
#define HAVE_MALLOC_H 1
#define HAVE_STDDEF_H 1
#define HAVE_STDLIB_H 1
#define HAVE_STRING_H 1
#define HAVE_SYS_TIME_H 1
#define HAVE_UNISTD_H 1
#define TIME_WITH_SYS_TIME 1
#define HAVE_VPRINTF 1
#define HAVE_ATEXIT 1
#define HAVE_FLOOR 1
#define HAVE_GETTIMEOFDAY 1
#define HAVE_MEMSET 1
#define HAVE_MKDIR 1
#define HAVE_POW 1
#define HAVE_STRCHR 1
#define HAVE_STRSTR 1
#define HAVE_STRTOUL 1
#define ALIGNLONGS ALIGNLONGS

configure: exit 0

## ---------------------- ##
## Running config.status. ##
## ---------------------- ##

This file was extended by gngeo config.status 0.8, which was
generated by GNU Autoconf 2.69.  Invocation command line was

  CONFIG_FILES    = 
  CONFIG_HEADERS  = 
  CONFIG_LINKS    = 
  CONFIG_COMMANDS = 
  $ ./config.status 

on devuan

config.status:943: creating Makefile
config.status:943: creating gngeo.dat/Makefile
config.status:943: creating pnd/Makefile
config.status:943: creating src/Makefile
config.status:943: creating src/raze/Makefile
config.status:943: creating src/star/Makefile
config.status:943: creating src/mamez80/Makefile
config.status:943: creating src/generator68k/Makefile
config.status:943: creating src/cyclone/Makefile
config.status:943: creating src/drz80/Makefile
config.status:943: creating src/effect/Makefile
config.status:943: creating src/blitter/Makefile
config.status:943: creating src/ym2610/Makefile
config.status:943: creating config.h
config.status:1124: config.h is unchanged
config.status:1172: executing depfiles commands

## ---------------------- ##
## Running config.status. ##
## ---------------------- ##

This file was extended by gngeo config.status 0.8, which was
generated by GNU Autoconf 2.69.  Invocation command line was

  CONFIG_FILES    = 
  CONFIG_HEADERS  = 
  CONFIG_LINKS    = 
  CONFIG_COMMANDS = 
  $ ./config.status config.h

on devuan

config.status:943: creating config.h
config.status:1124: config.h is unchanged
