This file contains any messages produced by compilers while
running configure, to aid debugging if configure makes a mistake.

It was created by PDCurses configure 3.4, which was
generated by GNU Autoconf 2.61.  Invocation command line was

  $ ./configure --host=mipsel-linux

## --------- ##
## Platform. ##
## --------- ##

hostname = debian
uname -m = x86_64
uname -r = 4.9.0-3-amd64
uname -s = Linux
uname -v = #1 SMP Debian 4.9.30-2+deb9u2 (2017-06-26)

/usr/bin/uname -p = unknown
/bin/uname -X     = unknown

/bin/arch              = unknown
/usr/bin/arch -k       = unknown
/usr/convex/getsysinfo = unknown
/usr/bin/hostinfo      = unknown
/bin/machine           = unknown
/usr/bin/oslevel       = unknown
/bin/universe          = unknown

PATH: /usr/local/bin
PATH: /usr/bin
PATH: /bin
PATH: /usr/local/games
PATH: /usr/games
PATH: /home/steward/Downloads/buildroot-2017.02.9/output/host/usr/bin/


## ----------- ##
## Core tests. ##
## ----------- ##

configure:1756: checking for mipsel-linux-gcc
configure:1783: result: mipsel-linux-gcc
configure:2061: checking for C compiler version
configure:2068: mipsel-linux-gcc --version >&5
mipsel-linux-gcc.br_real (Buildroot 2017.02.9) 5.4.0
Copyright (C) 2015 Free Software Foundation, Inc.
This is free software; see the source for copying conditions.  There is NO
warranty; not even for MERCHANTABILITY or FITNESS FOR A PARTICULAR PURPOSE.

configure:2071: $? = 0
configure:2078: mipsel-linux-gcc -v >&5
Using built-in specs.
COLLECT_GCC=/home/steward/Downloads/buildroot-2017.02.9/output/host/usr/bin/mipsel-linux-gcc.br_real
COLLECT_LTO_WRAPPER=/home/steward/Downloads/buildroot-2017.02.9/output/host/usr/libexec/gcc/mipsel-buildroot-linux-uclibc/5.4.0/lto-wrapper
Target: mipsel-buildroot-linux-uclibc
Configured with: ./configure --prefix=/home/steward/Downloads/buildroot-2017.02.9/output/host/usr --sysconfdir=/home/steward/Downloads/buildroot-2017.02.9/output/host/etc --enable-static --target=mipsel-buildroot-linux-uclibc --with-sysroot=/home/steward/Downloads/buildroot-2017.02.9/output/host/usr/mipsel-buildroot-linux-uclibc/sysroot --disable-__cxa_atexit --with-gnu-ld --disable-libssp --disable-multilib --with-gmp=/home/steward/Downloads/buildroot-2017.02.9/output/host/usr --with-mpc=/home/steward/Downloads/buildroot-2017.02.9/output/host/usr --with-mpfr=/home/steward/Downloads/buildroot-2017.02.9/output/host/usr --with-pkgversion='Buildroot 2017.02.9' --with-bugurl=http://bugs.buildroot.net/ --disable-libquadmath --disable-libsanitizer --enable-tls --disable-libmudflap --enable-threads --without-isl --without-cloog --disable-decimal-float --with-arch=mips32 --with-abi=32 --enable-languages=c,c++ --with-build-time-tools=/home/steward/Downloads/buildroot-2017.02.9/output/host/usr/mipsel-buildroot-linux-uclibc/bin --enable-shared --disable-libgomp
Thread model: posix
gcc version 5.4.0 (Buildroot 2017.02.9) 
configure:2081: $? = 0
configure:2088: mipsel-linux-gcc -V >&5
mipsel-linux-gcc.br_real: error: unrecognized command line option '-V'
mipsel-linux-gcc.br_real: fatal error: no input files
compilation terminated.
configure:2091: $? = 1
configure:2114: checking for C compiler default output file name
configure:2141: mipsel-linux-gcc    conftest.c  >&5
configure:2144: $? = 0
configure:2182: result: a.out
configure:2199: checking whether the C compiler works
configure:2209: ./a.out
./configure: line 2210: ./a.out: cannot execute binary file: Exec format error
configure:2212: $? = 126
configure:2229: result: yes
configure:2236: checking whether we are cross compiling
configure:2238: result: yes
configure:2241: checking for suffix of executables
configure:2248: mipsel-linux-gcc -o conftest    conftest.c  >&5
configure:2251: $? = 0
configure:2275: result: 
configure:2281: checking for suffix of object files
configure:2307: mipsel-linux-gcc -c   conftest.c >&5
configure:2310: $? = 0
configure:2333: result: o
configure:2337: checking whether we are using the GNU C compiler
configure:2366: mipsel-linux-gcc -c   conftest.c >&5
configure:2372: $? = 0
configure:2389: result: yes
configure:2394: checking whether mipsel-linux-gcc accepts -g
configure:2424: mipsel-linux-gcc -c -g  conftest.c >&5
configure:2430: $? = 0
configure:2529: result: yes
configure:2546: checking for mipsel-linux-gcc option to accept ISO C89
configure:2620: mipsel-linux-gcc  -c -g -O2  conftest.c >&5
configure:2626: $? = 0
configure:2649: result: none needed
configure:2707: checking build system type
configure:2725: result: x86_64-unknown-linux-gnu
configure:2747: checking host system type
configure:2762: result: mipsel-unknown-linux-gnu
configure:2784: checking target system type
configure:2799: result: mipsel-unknown-linux-gnu
configure:2856: checking for maximum signal specifier:
configure:2885: mipsel-linux-gcc -c -g -O2   conftest.c >&5
configure:2891: $? = 0
configure:2921: result: NSIG
configure:2929: checking for mipsel-linux-ranlib
configure:2945: found /home/steward/Downloads/buildroot-2017.02.9/output/host/usr/bin//mipsel-linux-ranlib
configure:2956: result: mipsel-linux-ranlib
configure:3035: checking for a BSD-compatible install
configure:3091: result: /usr/bin/install -c
configure:3102: checking whether make sets $(MAKE)
configure:3123: result: yes
configure:3138: checking how to run the C preprocessor
configure:3178: mipsel-linux-gcc -E  conftest.c
configure:3184: $? = 0
configure:3215: mipsel-linux-gcc -E  conftest.c
conftest.c:9:28: fatal error: ac_nonexistent.h: No such file or directory
compilation terminated.
configure:3221: $? = 1
configure: failed program was:
| /* confdefs.h.  */
| #define PACKAGE_NAME "PDCurses"
| #define PACKAGE_TARNAME "PDCurses"
| #define PACKAGE_VERSION "3.4"
| #define PACKAGE_STRING "PDCurses 3.4"
| #define PACKAGE_BUGREPORT "wmcbrine@users.sf.net"
| #define PDC_MAX_SIGNALS NSIG
| /* end confdefs.h.  */
| #include <ac_nonexistent.h>
configure:3254: result: mipsel-linux-gcc -E
configure:3283: mipsel-linux-gcc -E  conftest.c
configure:3289: $? = 0
configure:3320: mipsel-linux-gcc -E  conftest.c
conftest.c:9:28: fatal error: ac_nonexistent.h: No such file or directory
compilation terminated.
configure:3326: $? = 1
configure: failed program was:
| /* confdefs.h.  */
| #define PACKAGE_NAME "PDCurses"
| #define PACKAGE_TARNAME "PDCurses"
| #define PACKAGE_VERSION "3.4"
| #define PACKAGE_STRING "PDCurses 3.4"
| #define PACKAGE_BUGREPORT "wmcbrine@users.sf.net"
| #define PDC_MAX_SIGNALS NSIG
| /* end confdefs.h.  */
| #include <ac_nonexistent.h>
configure:3364: checking for grep that handles long lines and -e
configure:3438: result: /bin/grep
configure:3443: checking for egrep
configure:3521: result: /bin/grep -E
configure:3526: checking for ANSI C header files
configure:3556: mipsel-linux-gcc -c -g -O2  conftest.c >&5
configure:3562: $? = 0
configure:3690: result: yes
configure:3714: checking for sys/types.h
configure:3735: mipsel-linux-gcc -c -g -O2  conftest.c >&5
configure:3741: $? = 0
configure:3757: result: yes
configure:3714: checking for sys/stat.h
configure:3735: mipsel-linux-gcc -c -g -O2  conftest.c >&5
configure:3741: $? = 0
configure:3757: result: yes
configure:3714: checking for stdlib.h
configure:3735: mipsel-linux-gcc -c -g -O2  conftest.c >&5
configure:3741: $? = 0
configure:3757: result: yes
configure:3714: checking for string.h
configure:3735: mipsel-linux-gcc -c -g -O2  conftest.c >&5
configure:3741: $? = 0
configure:3757: result: yes
configure:3714: checking for memory.h
configure:3735: mipsel-linux-gcc -c -g -O2  conftest.c >&5
configure:3741: $? = 0
configure:3757: result: yes
configure:3714: checking for strings.h
configure:3735: mipsel-linux-gcc -c -g -O2  conftest.c >&5
configure:3741: $? = 0
configure:3757: result: yes
configure:3714: checking for inttypes.h
configure:3735: mipsel-linux-gcc -c -g -O2  conftest.c >&5
configure:3741: $? = 0
configure:3757: result: yes
configure:3714: checking for stdint.h
configure:3735: mipsel-linux-gcc -c -g -O2  conftest.c >&5
configure:3741: $? = 0
configure:3757: result: yes
configure:3714: checking for unistd.h
configure:3735: mipsel-linux-gcc -c -g -O2  conftest.c >&5
configure:3741: $? = 0
configure:3757: result: yes
configure:3780: checking sys/ipc.h usability
configure:3797: mipsel-linux-gcc -c -g -O2  conftest.c >&5
configure:3803: $? = 0
configure:3817: result: yes
configure:3821: checking sys/ipc.h presence
configure:3836: mipsel-linux-gcc -E  conftest.c
configure:3842: $? = 0
configure:3856: result: yes
configure:3889: checking for sys/ipc.h
configure:3896: result: yes
configure:3940: checking fcntl.h usability
configure:3957: mipsel-linux-gcc -c -g -O2  conftest.c >&5
configure:3963: $? = 0
configure:3977: result: yes
configure:3981: checking fcntl.h presence
configure:3996: mipsel-linux-gcc -E  conftest.c
configure:4002: $? = 0
configure:4016: result: yes
configure:4049: checking for fcntl.h
configure:4057: result: yes
configure:3940: checking sys/time.h usability
configure:3957: mipsel-linux-gcc -c -g -O2  conftest.c >&5
configure:3963: $? = 0
configure:3977: result: yes
configure:3981: checking sys/time.h presence
configure:3996: mipsel-linux-gcc -E  conftest.c
configure:4002: $? = 0
configure:4016: result: yes
configure:4049: checking for sys/time.h
configure:4057: result: yes
configure:3940: checking sys/select.h usability
configure:3957: mipsel-linux-gcc -c -g -O2  conftest.c >&5
configure:3963: $? = 0
configure:3977: result: yes
configure:3981: checking sys/select.h presence
configure:3996: mipsel-linux-gcc -E  conftest.c
configure:4002: $? = 0
configure:4016: result: yes
configure:4049: checking for sys/select.h
configure:4057: result: yes
configure:3940: checking dlfcn.h usability
configure:3957: mipsel-linux-gcc -c -g -O2  conftest.c >&5
configure:3963: $? = 0
configure:3977: result: yes
configure:3981: checking dlfcn.h presence
configure:3996: mipsel-linux-gcc -E  conftest.c
configure:4002: $? = 0
configure:4016: result: yes
configure:4049: checking for dlfcn.h
configure:4057: result: yes
configure:3940: checking dl.h usability
configure:3957: mipsel-linux-gcc -c -g -O2  conftest.c >&5
conftest.c:56:16: fatal error: dl.h: No such file or directory
compilation terminated.
configure:3963: $? = 1
configure: failed program was:
| /* confdefs.h.  */
| #define PACKAGE_NAME "PDCurses"
| #define PACKAGE_TARNAME "PDCurses"
| #define PACKAGE_VERSION "3.4"
| #define PACKAGE_STRING "PDCurses 3.4"
| #define PACKAGE_BUGREPORT "wmcbrine@users.sf.net"
| #define PDC_MAX_SIGNALS NSIG
| #define STDC_HEADERS 1
| #define HAVE_SYS_TYPES_H 1
| #define HAVE_SYS_STAT_H 1
| #define HAVE_STDLIB_H 1
| #define HAVE_STRING_H 1
| #define HAVE_MEMORY_H 1
| #define HAVE_STRINGS_H 1
| #define HAVE_INTTYPES_H 1
| #define HAVE_STDINT_H 1
| #define HAVE_UNISTD_H 1
| #define HAVE_FCNTL_H 1
| #define HAVE_SYS_TIME_H 1
| #define HAVE_SYS_SELECT_H 1
| #define HAVE_DLFCN_H 1
| /* end confdefs.h.  */
| #include <stdio.h>
| #ifdef HAVE_SYS_TYPES_H
| # include <sys/types.h>
| #endif
| #ifdef HAVE_SYS_STAT_H
| # include <sys/stat.h>
| #endif
| #ifdef STDC_HEADERS
| # include <stdlib.h>
| # include <stddef.h>
| #else
| # ifdef HAVE_STDLIB_H
| #  include <stdlib.h>
| # endif
| #endif
| #ifdef HAVE_STRING_H
| # if !defined STDC_HEADERS && defined HAVE_MEMORY_H
| #  include <memory.h>
| # endif
| # include <string.h>
| #endif
| #ifdef HAVE_STRINGS_H
| # include <strings.h>
| #endif
| #ifdef HAVE_INTTYPES_H
| # include <inttypes.h>
| #endif
| #ifdef HAVE_STDINT_H
| # include <stdint.h>
| #endif
| #ifdef HAVE_UNISTD_H
| # include <unistd.h>
| #endif
| #include <dl.h>
configure:3977: result: no
configure:3981: checking dl.h presence
configure:3996: mipsel-linux-gcc -E  conftest.c
conftest.c:23:16: fatal error: dl.h: No such file or directory
compilation terminated.
configure:4002: $? = 1
configure: failed program was:
| /* confdefs.h.  */
| #define PACKAGE_NAME "PDCurses"
| #define PACKAGE_TARNAME "PDCurses"
| #define PACKAGE_VERSION "3.4"
| #define PACKAGE_STRING "PDCurses 3.4"
| #define PACKAGE_BUGREPORT "wmcbrine@users.sf.net"
| #define PDC_MAX_SIGNALS NSIG
| #define STDC_HEADERS 1
| #define HAVE_SYS_TYPES_H 1
| #define HAVE_SYS_STAT_H 1
| #define HAVE_STDLIB_H 1
| #define HAVE_STRING_H 1
| #define HAVE_MEMORY_H 1
| #define HAVE_STRINGS_H 1
| #define HAVE_INTTYPES_H 1
| #define HAVE_STDINT_H 1
| #define HAVE_UNISTD_H 1
| #define HAVE_FCNTL_H 1
| #define HAVE_SYS_TIME_H 1
| #define HAVE_SYS_SELECT_H 1
| #define HAVE_DLFCN_H 1
| /* end confdefs.h.  */
| #include <dl.h>
configure:4016: result: no
configure:4049: checking for dl.h
configure:4057: result: no
configure:4071: checking whether time.h and sys/time.h may both be included
configure:4101: mipsel-linux-gcc -c -g -O2  conftest.c >&5
configure:4107: $? = 0
configure:4122: result: yes
configure:4148: checking for main in -lsocket
configure:4177: mipsel-linux-gcc -o conftest -g -O2   conftest.c -lsocket   >&5
/home/steward/Downloads/buildroot-2017.02.9/output/host/usr/lib/gcc/mipsel-buildroot-linux-uclibc/5.4.0/../../../../mipsel-buildroot-linux-uclibc/bin/ld: cannot find -lsocket
collect2: error: ld returned 1 exit status
configure:4183: $? = 1
configure: failed program was:
| /* confdefs.h.  */
| #define PACKAGE_NAME "PDCurses"
| #define PACKAGE_TARNAME "PDCurses"
| #define PACKAGE_VERSION "3.4"
| #define PACKAGE_STRING "PDCurses 3.4"
| #define PACKAGE_BUGREPORT "wmcbrine@users.sf.net"
| #define PDC_MAX_SIGNALS NSIG
| #define STDC_HEADERS 1
| #define HAVE_SYS_TYPES_H 1
| #define HAVE_SYS_STAT_H 1
| #define HAVE_STDLIB_H 1
| #define HAVE_STRING_H 1
| #define HAVE_MEMORY_H 1
| #define HAVE_STRINGS_H 1
| #define HAVE_INTTYPES_H 1
| #define HAVE_STDINT_H 1
| #define HAVE_UNISTD_H 1
| #define HAVE_FCNTL_H 1
| #define HAVE_SYS_TIME_H 1
| #define HAVE_SYS_SELECT_H 1
| #define HAVE_DLFCN_H 1
| #define TIME_WITH_SYS_TIME 1
| /* end confdefs.h.  */
| 
| 
| int
| main ()
| {
| return main ();
|   ;
|   return 0;
| }
configure:4202: result: no
configure:4148: checking for main in -lnls
configure:4177: mipsel-linux-gcc -o conftest -g -O2   conftest.c -lnls   >&5
/home/steward/Downloads/buildroot-2017.02.9/output/host/usr/lib/gcc/mipsel-buildroot-linux-uclibc/5.4.0/../../../../mipsel-buildroot-linux-uclibc/bin/ld: cannot find -lnls
collect2: error: ld returned 1 exit status
configure:4183: $? = 1
configure: failed program was:
| /* confdefs.h.  */
| #define PACKAGE_NAME "PDCurses"
| #define PACKAGE_TARNAME "PDCurses"
| #define PACKAGE_VERSION "3.4"
| #define PACKAGE_STRING "PDCurses 3.4"
| #define PACKAGE_BUGREPORT "wmcbrine@users.sf.net"
| #define PDC_MAX_SIGNALS NSIG
| #define STDC_HEADERS 1
| #define HAVE_SYS_TYPES_H 1
| #define HAVE_SYS_STAT_H 1
| #define HAVE_STDLIB_H 1
| #define HAVE_STRING_H 1
| #define HAVE_MEMORY_H 1
| #define HAVE_STRINGS_H 1
| #define HAVE_INTTYPES_H 1
| #define HAVE_STDINT_H 1
| #define HAVE_UNISTD_H 1
| #define HAVE_FCNTL_H 1
| #define HAVE_SYS_TIME_H 1
| #define HAVE_SYS_SELECT_H 1
| #define HAVE_DLFCN_H 1
| #define TIME_WITH_SYS_TIME 1
| /* end confdefs.h.  */
| 
| 
| int
| main ()
| {
| return main ();
|   ;
|   return 0;
| }
configure:4202: result: no
configure:4218: checking whether mipsel-linux-gcc understand -c and -o together
configure:4230: mipsel-linux-gcc -c conftest.c -o conftest.ooo 1>&5
conftest.c:1:1: warning: return type defaults to 'int' [-Wimplicit-int]
 foo(){}
 ^
configure:4233: $? = 0
configure:4234: mipsel-linux-gcc -c conftest.c -o conftest.ooo 1>&5
conftest.c:1:1: warning: return type defaults to 'int' [-Wimplicit-int]
 foo(){}
 ^
configure:4237: $? = 0
configure:4241: mipsel-linux-gcc -c conftest.c -o conftest.ooo 1>&5
conftest.c:1:1: warning: return type defaults to 'int' [-Wimplicit-int]
 foo(){}
 ^
configure:4244: $? = 0
configure:4245: mipsel-linux-gcc -c conftest.c -o conftest.ooo 1>&5
conftest.c:1:1: warning: return type defaults to 'int' [-Wimplicit-int]
 foo(){}
 ^
configure:4248: $? = 0
configure:4261: result: yes
configure:4272: checking return type of signal handlers
configure:4300: mipsel-linux-gcc -c -g -O2  conftest.c >&5
conftest.c: In function 'main':
conftest.c:30:9: error: void value not ignored as it ought to be
 return *(signal (0, 0)) (0) == 1;
         ^
configure:4306: $? = 1
configure: failed program was:
| /* confdefs.h.  */
| #define PACKAGE_NAME "PDCurses"
| #define PACKAGE_TARNAME "PDCurses"
| #define PACKAGE_VERSION "3.4"
| #define PACKAGE_STRING "PDCurses 3.4"
| #define PACKAGE_BUGREPORT "wmcbrine@users.sf.net"
| #define PDC_MAX_SIGNALS NSIG
| #define STDC_HEADERS 1
| #define HAVE_SYS_TYPES_H 1
| #define HAVE_SYS_STAT_H 1
| #define HAVE_STDLIB_H 1
| #define HAVE_STRING_H 1
| #define HAVE_MEMORY_H 1
| #define HAVE_STRINGS_H 1
| #define HAVE_INTTYPES_H 1
| #define HAVE_STDINT_H 1
| #define HAVE_UNISTD_H 1
| #define HAVE_FCNTL_H 1
| #define HAVE_SYS_TIME_H 1
| #define HAVE_SYS_SELECT_H 1
| #define HAVE_DLFCN_H 1
| #define TIME_WITH_SYS_TIME 1
| /* end confdefs.h.  */
| #include <sys/types.h>
| #include <signal.h>
| 
| int
| main ()
| {
| return *(signal (0, 0)) (0) == 1;
|   ;
|   return 0;
| }
configure:4321: result: void
configure:4336: checking for vsscanf
configure:4392: mipsel-linux-gcc -o conftest -g -O2   conftest.c  >&5
conftest.c:48:6: warning: conflicting types for built-in function 'vsscanf'
 char vsscanf ();
      ^
configure:4398: $? = 0
configure:4416: result: yes
configure:4336: checking for usleep
configure:4392: mipsel-linux-gcc -o conftest -g -O2   conftest.c  >&5
configure:4398: $? = 0
configure:4416: result: yes
configure:4336: checking for poll
configure:4392: mipsel-linux-gcc -o conftest -g -O2   conftest.c  >&5
configure:4398: $? = 0
configure:4416: result: yes
configure:4336: checking for vsnprintf
configure:4392: mipsel-linux-gcc -o conftest -g -O2   conftest.c  >&5
conftest.c:51:6: warning: conflicting types for built-in function 'vsnprintf'
 char vsnprintf ();
      ^
configure:4398: $? = 0
configure:4416: result: yes
configure:4427: checking for X
configure:4542: mipsel-linux-gcc -E  conftest.c
configure:4548: $? = 0
configure:4597: mipsel-linux-gcc -o conftest -g -O2   conftest.c -lX11  >&5
configure:4603: $? = 0
configure:4662: result: libraries , headers 
configure:4729: error: Cannot find required Xaw header file Box.h; PDCurses cannot be configured

## ---------------- ##
## Cache variables. ##
## ---------------- ##

ac_cv_build=x86_64-unknown-linux-gnu
ac_cv_c_compiler_gnu=yes
ac_cv_env_CC_set=set
ac_cv_env_CC_value=mipsel-linux-gcc
ac_cv_env_CFLAGS_set=
ac_cv_env_CFLAGS_value=
ac_cv_env_CPPFLAGS_set=
ac_cv_env_CPPFLAGS_value=
ac_cv_env_CPP_set=
ac_cv_env_CPP_value=
ac_cv_env_LDFLAGS_set=
ac_cv_env_LDFLAGS_value=
ac_cv_env_LIBS_set=
ac_cv_env_LIBS_value=
ac_cv_env_XMKMF_set=
ac_cv_env_XMKMF_value=
ac_cv_env_build_alias_set=
ac_cv_env_build_alias_value=
ac_cv_env_host_alias_set=set
ac_cv_env_host_alias_value=mipsel-linux
ac_cv_env_target_alias_set=
ac_cv_env_target_alias_value=
ac_cv_func_poll=yes
ac_cv_func_usleep=yes
ac_cv_func_vsnprintf=yes
ac_cv_func_vsscanf=yes
ac_cv_have_x='have_x=yes	ac_x_includes='\'''\''	ac_x_libraries='\'''\'''
ac_cv_header_dl_h=no
ac_cv_header_dlfcn_h=yes
ac_cv_header_fcntl_h=yes
ac_cv_header_inttypes_h=yes
ac_cv_header_memory_h=yes
ac_cv_header_stdc=yes
ac_cv_header_stdint_h=yes
ac_cv_header_stdlib_h=yes
ac_cv_header_string_h=yes
ac_cv_header_strings_h=yes
ac_cv_header_sys_ipc_h=yes
ac_cv_header_sys_select_h=yes
ac_cv_header_sys_stat_h=yes
ac_cv_header_sys_time_h=yes
ac_cv_header_sys_types_h=yes
ac_cv_header_time=yes
ac_cv_header_unistd_h=yes
ac_cv_host=mipsel-unknown-linux-gnu
ac_cv_lib_nls___main=no
ac_cv_lib_socket___main=no
ac_cv_objext=o
ac_cv_path_EGREP='/bin/grep -E'
ac_cv_path_GREP=/bin/grep
ac_cv_path_install='/usr/bin/install -c'
ac_cv_prog_CC=mipsel-linux-gcc
ac_cv_prog_CPP='mipsel-linux-gcc -E'
ac_cv_prog_RANLIB=mipsel-linux-ranlib
ac_cv_prog_cc_c89=
ac_cv_prog_cc_g=yes
ac_cv_prog_cc_mipsel_linux_gcc_c_o=yes
ac_cv_prog_make_make_set=yes
ac_cv_target=mipsel-unknown-linux-gnu
ac_cv_type_signal=void
mh_cv_max_signals=NSIG

## ----------------- ##
## Output variables. ##
## ----------------- ##

CC2O='-o $@'
CC='mipsel-linux-gcc'
CFLAGS='-g -O2'
CPP='mipsel-linux-gcc -E'
CPPFLAGS=''
DEFS=''
DYN_COMP=''
ECHO_C=''
ECHO_N='-n'
ECHO_T=''
EGREP='/bin/grep -E'
EXEEXT=''
GREP='/bin/grep'
INSTALL_DATA='${INSTALL} -m 644'
INSTALL_PROGRAM='${INSTALL}'
INSTALL_SCRIPT='${INSTALL}'
LDFLAGS=''
LD_RXLIB1=''
LIBOBJS=''
LIBS=''
LTLIBOBJS=''
MH_EXTRA_LIBS=''
MH_XINC_DIR='-I/usr/include/X11 -I/usr/include'
MH_XLIBS=''
O2SAVE=''
OBJEXT='o'
PACKAGE_BUGREPORT='wmcbrine@users.sf.net'
PACKAGE_NAME='PDCurses'
PACKAGE_STRING='PDCurses 3.4'
PACKAGE_TARNAME='PDCurses'
PACKAGE_VERSION='3.4'
PATH_SEPARATOR=':'
PURIFY=''
RANLIB='mipsel-linux-ranlib'
RXPACKEXPORTS=''
SAVE2O=''
SET_MAKE=''
SHELL='/bin/bash'
SHLPRE=''
SHLPST=''
SHL_TARGETS=''
SYS_DEFS=''
XMKMF=''
ac_ct_CC=''
bindir='${exec_prefix}/bin'
build='x86_64-unknown-linux-gnu'
build_alias=''
build_cpu='x86_64'
build_os='linux-gnu'
build_vendor='unknown'
datadir='${datarootdir}'
datarootdir='${prefix}/share'
docdir='${datarootdir}/doc/${PACKAGE_TARNAME}'
dvidir='${docdir}'
exec_prefix='NONE'
host='mipsel-unknown-linux-gnu'
host_alias='mipsel-linux'
host_cpu='mipsel'
host_os='linux-gnu'
host_vendor='unknown'
htmldir='${docdir}'
includedir='${prefix}/include'
infodir='${datarootdir}/info'
libdir='${exec_prefix}/lib'
libexecdir='${exec_prefix}/libexec'
localedir='${datarootdir}/locale'
localstatedir='${prefix}/var'
mandir='${datarootdir}/man'
oldincludedir='/usr/include'
pdfdir='${docdir}'
prefix='NONE'
program_transform_name='s,x,x,'
psdir='${docdir}'
sbindir='${exec_prefix}/sbin'
sharedstatedir='${prefix}/com'
sysconfdir='${prefix}/etc'
target='mipsel-unknown-linux-gnu'
target_alias=''
target_cpu='mipsel'
target_os='linux-gnu'
target_vendor='unknown'

## ----------- ##
## confdefs.h. ##
## ----------- ##

#define PACKAGE_NAME "PDCurses"
#define PACKAGE_TARNAME "PDCurses"
#define PACKAGE_VERSION "3.4"
#define PACKAGE_STRING "PDCurses 3.4"
#define PACKAGE_BUGREPORT "wmcbrine@users.sf.net"
#define PDC_MAX_SIGNALS NSIG
#define STDC_HEADERS 1
#define HAVE_SYS_TYPES_H 1
#define HAVE_SYS_STAT_H 1
#define HAVE_STDLIB_H 1
#define HAVE_STRING_H 1
#define HAVE_MEMORY_H 1
#define HAVE_STRINGS_H 1
#define HAVE_INTTYPES_H 1
#define HAVE_STDINT_H 1
#define HAVE_UNISTD_H 1
#define HAVE_FCNTL_H 1
#define HAVE_SYS_TIME_H 1
#define HAVE_SYS_SELECT_H 1
#define HAVE_DLFCN_H 1
#define TIME_WITH_SYS_TIME 1
#define RETSIGTYPE void
#define HAVE_VSSCANF 1
#define HAVE_USLEEP 1
#define HAVE_POLL 1
#define HAVE_VSNPRINTF 1

configure: exit 1
