This file contains any messages produced by compilers while
running configure, to aid debugging if configure makes a mistake.

It was created by configure, which was
generated by GNU Autoconf 2.63.  Invocation command line was

  $ ./configure --host=x86

## --------- ##
## Platform. ##
## --------- ##

hostname = debian
uname -m = x86_64
uname -r = 4.9.0-4-amd64
uname -s = Linux
uname -v = #1 SMP Debian 4.9.65-3 (2017-12-03)

/usr/bin/uname -p = unknown
/bin/uname -X     = unknown

/bin/arch              = unknown
/usr/bin/arch -k       = unknown
/usr/convex/getsysinfo = unknown
/usr/bin/hostinfo      = unknown
/bin/machine           = unknown
/usr/bin/oslevel       = unknown
/bin/universe          = unknown

PATH: /usr/local/bin
PATH: /usr/bin
PATH: /bin
PATH: /usr/local/games
PATH: /usr/games


## ----------- ##
## Core tests. ##
## ----------- ##

configure:1774: checking for x86-gcc
configure:1804: result: no
configure:1814: checking for gcc
configure:1830: found /usr/bin/gcc
configure:1841: result: gcc
configure:2073: checking for C compiler version
configure:2081: gcc --version >&5
gcc (Debian 6.3.0-18) 6.3.0 20170516
Copyright (C) 2016 Free Software Foundation, Inc.
This is free software; see the source for copying conditions.  There is NO
warranty; not even for MERCHANTABILITY or FITNESS FOR A PARTICULAR PURPOSE.

configure:2085: $? = 0
configure:2092: gcc -v >&5
Using built-in specs.
COLLECT_GCC=gcc
COLLECT_LTO_WRAPPER=/usr/lib/gcc/x86_64-linux-gnu/6/lto-wrapper
Target: x86_64-linux-gnu
Configured with: ../src/configure -v --with-pkgversion='Debian 6.3.0-18' --with-bugurl=file:///usr/share/doc/gcc-6/README.Bugs --enable-languages=c,ada,c++,java,go,d,fortran,objc,obj-c++ --prefix=/usr --program-suffix=-6 --program-prefix=x86_64-linux-gnu- --enable-shared --enable-linker-build-id --libexecdir=/usr/lib --without-included-gettext --enable-threads=posix --libdir=/usr/lib --enable-nls --with-sysroot=/ --enable-clocale=gnu --enable-libstdcxx-debug --enable-libstdcxx-time=yes --with-default-libstdcxx-abi=new --enable-gnu-unique-object --disable-vtable-verify --enable-libmpx --enable-plugin --enable-default-pie --with-system-zlib --disable-browser-plugin --enable-java-awt=gtk --enable-gtk-cairo --with-java-home=/usr/lib/jvm/java-1.5.0-gcj-6-amd64/jre --enable-java-home --with-jvm-root-dir=/usr/lib/jvm/java-1.5.0-gcj-6-amd64 --with-jvm-jar-dir=/usr/lib/jvm-exports/java-1.5.0-gcj-6-amd64 --with-arch-directory=amd64 --with-ecj-jar=/usr/share/java/eclipse-ecj.jar --with-target-system-zlib --enable-objc-gc=auto --enable-multiarch --with-arch-32=i686 --with-abi=m64 --with-multilib-list=m32,m64,mx32 --enable-multilib --with-tune=generic --enable-checking=release --build=x86_64-linux-gnu --host=x86_64-linux-gnu --target=x86_64-linux-gnu
Thread model: posix
gcc version 6.3.0 20170516 (Debian 6.3.0-18) 
configure:2096: $? = 0
configure:2103: gcc -V >&5
gcc: error: unrecognized command line option '-V'
gcc: fatal error: no input files
compilation terminated.
configure:2107: $? = 1
configure:2130: checking for C compiler default output file name
configure:2152: gcc    conftest.c  >&5
configure:2156: $? = 0
configure:2194: result: a.out
configure:2213: checking whether the C compiler works
configure:2223: ./a.out
configure:2227: $? = 0
configure:2246: result: yes
configure:2253: checking whether we are cross compiling
configure:2255: result: no
configure:2258: checking for suffix of executables
configure:2265: gcc -o conftest    conftest.c  >&5
configure:2269: $? = 0
configure:2295: result: 
configure:2301: checking for suffix of object files
configure:2327: gcc -c   conftest.c >&5
configure:2331: $? = 0
configure:2356: result: o
configure:2360: checking whether we are using the GNU C compiler
configure:2389: gcc -c   conftest.c >&5
configure:2396: $? = 0
configure:2413: result: yes
configure:2422: checking whether gcc accepts -g
configure:2452: gcc -c -g  conftest.c >&5
configure:2459: $? = 0
configure:2560: result: yes
configure:2577: checking for gcc option to accept ISO C89
configure:2651: gcc  -c -g -O2  conftest.c >&5
configure:2658: $? = 0
configure:2681: result: none needed
configure:2744: checking for a BSD-compatible install
configure:2812: result: /usr/bin/install -c
configure:2827: checking for sdl-config
configure:2845: found /usr/bin/sdl-config
configure:2858: result: /usr/bin/sdl-config
configure:2879: checking for IMG_LoadPNG_RW in -lSDL_image
configure:2914: gcc -o conftest -g -O2 -I/usr/include/SDL -D_GNU_SOURCE=1 -D_REENTRANT   -L/usr/lib/x86_64-linux-gnu -lSDL conftest.c -lSDL_image   >&5
configure:2921: $? = 0
configure:2942: result: yes
configure:2991: checking for freetype-config
configure:3009: found /usr/bin/freetype-config
configure:3022: result: /usr/bin/freetype-config
configure:3044: checking for initscr in -lncurses
configure:3079: gcc -o conftest -g -O2 -I/usr/include/SDL -D_GNU_SOURCE=1 -D_REENTRANT -I/usr/include/freetype2   -L/usr/lib/x86_64-linux-gnu -lSDL conftest.c -lncurses  -lSDL_image  -L/usr/lib/x86_64-linux-gnu -lfreetype >&5
configure:3086: $? = 0
configure:3107: result: yes
configure:3207: checking for library containing gettext
configure:3248: gcc -o conftest -g -O2 -I/usr/include/SDL -D_GNU_SOURCE=1 -D_REENTRANT -I/usr/include/freetype2   -L/usr/lib/x86_64-linux-gnu -lSDL conftest.c -lncurses -lSDL_image  -L/usr/lib/x86_64-linux-gnu -lfreetype >&5
conftest.c:17:6: warning: conflicting types for built-in function 'gettext'
 char gettext ();
      ^~~~~~~
configure:3255: $? = 0
configure:3286: result: none required
configure:3458: creating ./config.status

## ---------------------- ##
## Running config.status. ##
## ---------------------- ##

This file was extended by config.status, which was
generated by GNU Autoconf 2.63.  Invocation command line was

  CONFIG_FILES    = 
  CONFIG_HEADERS  = 
  CONFIG_LINKS    = 
  CONFIG_COMMANDS = 
  $ ./config.status 

on debian

config.status:651: creating Makefile

## ---------------- ##
## Cache variables. ##
## ---------------- ##

ac_cv_c_compiler_gnu=yes
ac_cv_env_CC_set=
ac_cv_env_CC_value=
ac_cv_env_CFLAGS_set=
ac_cv_env_CFLAGS_value=
ac_cv_env_CPPFLAGS_set=
ac_cv_env_CPPFLAGS_value=
ac_cv_env_LDFLAGS_set=
ac_cv_env_LDFLAGS_value=
ac_cv_env_LIBS_set=
ac_cv_env_LIBS_value=
ac_cv_env_build_alias_set=
ac_cv_env_build_alias_value=
ac_cv_env_host_alias_set=set
ac_cv_env_host_alias_value=x86
ac_cv_env_target_alias_set=
ac_cv_env_target_alias_value=
ac_cv_lib_SDL_image_IMG_LoadPNG_RW=yes
ac_cv_lib_ncurses_initscr=yes
ac_cv_objext=o
ac_cv_path_FREETYPE_CONFIG=/usr/bin/freetype-config
ac_cv_path_SDLCONFIG=/usr/bin/sdl-config
ac_cv_path_install='/usr/bin/install -c'
ac_cv_prog_ac_ct_CC=gcc
ac_cv_prog_cc_c89=
ac_cv_prog_cc_g=yes
ac_cv_search_gettext='none required'

## ----------------- ##
## Output variables. ##
## ----------------- ##

CC='gcc'
CFLAGS='-g -O2 -I/usr/include/SDL -D_GNU_SOURCE=1 -D_REENTRANT -I/usr/include/freetype2'
CPPFLAGS=''
CURSES='ncurses'
DEFS='-DPACKAGE_NAME=\"\" -DPACKAGE_TARNAME=\"\" -DPACKAGE_VERSION=\"\" -DPACKAGE_STRING=\"\" -DPACKAGE_BUGREPORT=\"\" -DHAVE_LIBSDL_IMAGE=1 -DHAVE_LIBNCURSES=1'
ECHO_C=''
ECHO_N='-n'
ECHO_T=''
EXEEXT=''
FREETYPE_CONFIG='/usr/bin/freetype-config'
INSTALL_DATA='${INSTALL} -m 644'
INSTALL_PROGRAM='${INSTALL}'
INSTALL_SCRIPT='${INSTALL}'
LDFLAGS=' -L/usr/lib/x86_64-linux-gnu -lSDL'
LIBOBJS=''
LIBS='-lncurses -lSDL_image  -L/usr/lib/x86_64-linux-gnu -lfreetype'
LTLIBOBJS=''
OBJEXT='o'
PACKAGE_BUGREPORT=''
PACKAGE_NAME=''
PACKAGE_STRING=''
PACKAGE_TARNAME=''
PACKAGE_VERSION=''
PATH_SEPARATOR=':'
SDLCONFIG='/usr/bin/sdl-config'
SHELL='/bin/bash'
TARGETS=' chroma-sdl chroma-curses'
TARGETSCLEAN=' clean-sdl clean-curses'
TARGETSINSTALL=' install-sdl install-curses'
ac_ct_CC='gcc'
bindir='${exec_prefix}/bin'
build_alias=''
datadir='${datarootdir}'
datarootdir='${prefix}/share'
docdir='${datarootdir}/doc/${PACKAGE}'
dvidir='${docdir}'
exec_prefix='${prefix}'
host_alias='x86'
htmldir='${docdir}'
includedir='${prefix}/include'
infodir='${datarootdir}/info'
libdir='${exec_prefix}/lib'
libexecdir='${exec_prefix}/libexec'
localedir='${datarootdir}/locale'
localstatedir='${prefix}/var'
mandir='${datarootdir}/man'
oldincludedir='/usr/include'
pdfdir='${docdir}'
prefix='/usr/local'
program_transform_name='s,x,x,'
psdir='${docdir}'
sbindir='${exec_prefix}/sbin'
sharedstatedir='${prefix}/com'
sysconfdir='${prefix}/etc'
target_alias=''

## ----------- ##
## confdefs.h. ##
## ----------- ##

#define PACKAGE_NAME ""
#define PACKAGE_TARNAME ""
#define PACKAGE_VERSION ""
#define PACKAGE_STRING ""
#define PACKAGE_BUGREPORT ""
#define HAVE_LIBSDL_IMAGE 1
#define HAVE_LIBNCURSES 1

configure: exit 0
